        -:    0:Source:dominion.c
        -:    0:Graph:dominion.gcno
        -:    0:Data:dominion.gcda
        -:    0:Runs:4
        -:    0:Programs:4
        -:    1:#include "dominion.h"
        -:    2:#include "dominion_helpers.h"
        -:    3:#include "rngs.h"
        -:    4:#include <stdio.h>
        -:    5:#include <math.h>
        -:    6:#include <stdlib.h>
        -:    7:
    58203:    8:int compare(const void* a, const void* b) {
    58203:    9:  if (*(int*)a > *(int*)b)
    13522:   10:    return 1;
    44681:   11:  if (*(int*)a < *(int*)b)
    16491:   12:    return -1;
    28190:   13:  return 0;
        -:   14:}
        -:   15:
    #####:   16:struct gameState* newGame() {
    #####:   17:  struct gameState* g = malloc(sizeof(struct gameState));
    #####:   18:  return g;
        -:   19:}
        -:   20:
    #####:   21:int* kingdomCards(int k1, int k2, int k3, int k4, int k5, int k6, int k7,
        -:   22:		  int k8, int k9, int k10) {
    #####:   23:  int* k = malloc(10 * sizeof(int));
    #####:   24:  k[0] = k1;
    #####:   25:  k[1] = k2;
    #####:   26:  k[2] = k3;
    #####:   27:  k[3] = k4;
    #####:   28:  k[4] = k5;
    #####:   29:  k[5] = k6;
    #####:   30:  k[6] = k7;
    #####:   31:  k[7] = k8;
    #####:   32:  k[8] = k9;
    #####:   33:  k[9] = k10;
    #####:   34:  return k;
        -:   35:}
        -:   36:
      702:   37:int initializeGame(int numPlayers, int kingdomCards[10], int randomSeed,
        -:   38:		   struct gameState *state) {
        -:   39:
        -:   40:  int i;
        -:   41:  int j;
        -:   42:  int it;			
        -:   43:  //set up random number generator
      702:   44:  SelectStream(1);
      702:   45:  PutSeed((long)randomSeed);
        -:   46:  
        -:   47:  //check number of players
      702:   48:  if (numPlayers > MAX_PLAYERS || numPlayers < 2)
        -:   49:    {
    #####:   50:      return -1;
        -:   51:    }
        -:   52:
        -:   53:  //set number of players
      702:   54:  state->numPlayers = numPlayers;
        -:   55:
        -:   56:  //check selected kingdom cards are different
     7722:   57:  for (i = 0; i < 10; i++)
        -:   58:    {
    77220:   59:      for (j = 0; j < 10; j++)
        -:   60:        {
    70200:   61:	  if (j != i && kingdomCards[j] == kingdomCards[i])
        -:   62:	    {
    #####:   63:	      return -1;
        -:   64:	    }
        -:   65:        }
        -:   66:    }
        -:   67:
        -:   68:
        -:   69:  //initialize supply
        -:   70:  ///////////////////////////////
        -:   71:
        -:   72:  //set number of Curse cards
      702:   73:  if (numPlayers == 2)
        -:   74:    {
      238:   75:      state->supplyCount[curse] = 10;
        -:   76:    }
      464:   77:  else if (numPlayers == 3)
        -:   78:    {
      232:   79:      state->supplyCount[curse] = 20;
        -:   80:    }
        -:   81:  else
        -:   82:    {
      232:   83:      state->supplyCount[curse] = 30;
        -:   84:    }
        -:   85:
        -:   86:  //set number of Victory cards
      702:   87:  if (numPlayers == 2)
        -:   88:    {
      238:   89:      state->supplyCount[estate] = 8;
      238:   90:      state->supplyCount[duchy] = 8;
      238:   91:      state->supplyCount[province] = 8;
        -:   92:    }
        -:   93:  else
        -:   94:    {
      464:   95:      state->supplyCount[estate] = 12;
      464:   96:      state->supplyCount[duchy] = 12;
      464:   97:      state->supplyCount[province] = 12;
        -:   98:    }
        -:   99:
        -:  100:  //set number of Treasure cards
      702:  101:  state->supplyCount[copper] = 60 - (7 * numPlayers);
      702:  102:  state->supplyCount[silver] = 40;
      702:  103:  state->supplyCount[gold] = 30;
        -:  104:
        -:  105:  //set number of Kingdom cards
    14742:  106:  for (i = adventurer; i <= treasure_map; i++)       	//loop all cards
        -:  107:    {
   115830:  108:      for (j = 0; j < 10; j++)           		//loop chosen cards
        -:  109:	{
   108810:  110:	  if (kingdomCards[j] == i)
        -:  111:	    {
        -:  112:	      //check if card is a 'Victory' Kingdom card
     7020:  113:	      if (kingdomCards[j] == great_hall || kingdomCards[j] == gardens)
        -:  114:		{
     1324:  115:		  if (numPlayers == 2){ 
      229:  116:		    state->supplyCount[i] = 8; 
        -:  117:		  }
      433:  118:		  else{ state->supplyCount[i] = 12; }
        -:  119:		}
        -:  120:	      else
        -:  121:		{
     6358:  122:		  state->supplyCount[i] = 10;
        -:  123:		}
     7020:  124:	      break;
        -:  125:	    }
        -:  126:	  else    //card is not in the set choosen for the game
        -:  127:	    {
   101790:  128:	      state->supplyCount[i] = -1;
        -:  129:	    }
        -:  130:	}
        -:  131:
        -:  132:    }
        -:  133:
        -:  134:  ////////////////////////
        -:  135:  //supply intilization complete
        -:  136:
        -:  137:  //set player decks
     2802:  138:  for (i = 0; i < numPlayers; i++)
        -:  139:    {
     2100:  140:      state->deckCount[i] = 0;
     8400:  141:      for (j = 0; j < 3; j++)
        -:  142:	{
     6300:  143:	  state->deck[i][j] = estate;
     6300:  144:	  state->deckCount[i]++;
        -:  145:	}
    16800:  146:      for (j = 3; j < 10; j++)
        -:  147:	{
    14700:  148:	  state->deck[i][j] = copper;
    14700:  149:	  state->deckCount[i]++;		
        -:  150:	}
        -:  151:    }
        -:  152:
        -:  153:  //shuffle player decks
     2802:  154:  for (i = 0; i < numPlayers; i++)
        -:  155:    {
     2100:  156:      if ( shuffle(i, state) < 0 )
        -:  157:	{
    #####:  158:	  return -1;
        -:  159:	}
        -:  160:    }
        -:  161:
        -:  162:  //draw player hands
     2802:  163:  for (i = 0; i < numPlayers; i++)
        -:  164:    {  
        -:  165:      //initialize hand size to zero
     2100:  166:      state->handCount[i] = 0;
     2100:  167:      state->discardCount[i] = 0;
        -:  168:      //draw 5 cards
        -:  169:      // for (j = 0; j < 5; j++)
        -:  170:      //	{
        -:  171:      //	  drawCard(i, state);
        -:  172:      //	}
        -:  173:    }
        -:  174:  
        -:  175:  //set embargo tokens to 0 for all supply piles
    19656:  176:  for (i = 0; i <= treasure_map; i++)
        -:  177:    {
    18954:  178:      state->embargoTokens[i] = 0;
        -:  179:    }
        -:  180:
        -:  181:  //initialize first player's turn
      702:  182:  state->outpostPlayed = 0;
      702:  183:  state->phase = 0;
      702:  184:  state->numActions = 1;
      702:  185:  state->numBuys = 1;
      702:  186:  state->playedCardCount = 0;
      702:  187:  state->whoseTurn = 0;
      702:  188:  state->handCount[state->whoseTurn] = 0;
        -:  189:  //int it; move to top
        -:  190:
        -:  191:  //Moved draw cards to here, only drawing at the start of a turn
     4212:  192:  for (it = 0; it < 5; it++){
     3510:  193:    drawCard(state->whoseTurn, state);
        -:  194:  }
        -:  195:
      702:  196:  updateCoins(state->whoseTurn, state, 0);
        -:  197:
      702:  198:  return 0;
        -:  199:}
        -:  200:
     2891:  201:int shuffle(int player, struct gameState *state) {
        -:  202: 
        -:  203:
        -:  204:  int newDeck[MAX_DECK];
     2891:  205:  int newDeckPos = 0;
        -:  206:  int card;
        -:  207:  int i;
        -:  208:
     2891:  209:  if (state->deckCount[player] < 1)
      657:  210:    return -1;
     2234:  211:  qsort ((void*)(state->deck[player]), state->deckCount[player], sizeof(int), compare); 
        -:  212:  /* SORT CARDS IN DECK TO ENSURE DETERMINISM! */
        -:  213:
    31055:  214:  while (state->deckCount[player] > 0) {
    26587:  215:    card = floor(Random() * state->deckCount[player]);
    26587:  216:    newDeck[newDeckPos] = state->deck[player][card];
    26587:  217:    newDeckPos++;
   189982:  218:    for (i = card; i < state->deckCount[player]-1; i++) {
   163395:  219:      state->deck[player][i] = state->deck[player][i+1];
        -:  220:    }
    26587:  221:    state->deckCount[player]--;
        -:  222:  }
    28821:  223:  for (i = 0; i < newDeckPos; i++) {
    26587:  224:    state->deck[player][i] = newDeck[i];
    26587:  225:    state->deckCount[player]++;
        -:  226:  }
        -:  227:
     2234:  228:  return 0;
        -:  229:}
        -:  230:
    #####:  231:int playCard(int handPos, int choice1, int choice2, int choice3, struct gameState *state) 
        -:  232:{	
        -:  233:  int card;
    #####:  234:  int coin_bonus = 0; 		//tracks coins gain from actions
        -:  235:
        -:  236:  //check if it is the right phase
    #####:  237:  if (state->phase != 0)
        -:  238:    {
    #####:  239:      return -1;
        -:  240:    }
        -:  241:	
        -:  242:  //check if player has enough actions
    #####:  243:  if ( state->numActions < 1 )
        -:  244:    {
    #####:  245:      return -1;
        -:  246:    }
        -:  247:	
        -:  248:  //get card played
    #####:  249:  card = handCard(handPos, state);
        -:  250:	
        -:  251:  //check if selected card is an action
    #####:  252:  if ( card < adventurer || card > treasure_map )
        -:  253:    {
    #####:  254:      return -1;
        -:  255:    }
        -:  256:	
        -:  257:  //play card
    #####:  258:  if ( cardEffect(card, choice1, choice2, choice3, state, handPos, &coin_bonus) < 0 )
        -:  259:    {
    #####:  260:      return -1;
        -:  261:    }
        -:  262:	
        -:  263:  //reduce number of actions
    #####:  264:  state->numActions--;
        -:  265:
        -:  266:  //update coins (Treasure cards may be added with card draws)
    #####:  267:  updateCoins(state->whoseTurn, state, coin_bonus);
        -:  268:	
    #####:  269:  return 0;
        -:  270:}
        -:  271:
    #####:  272:int buyCard(int supplyPos, struct gameState *state) {
        -:  273:  int who;
        -:  274:  if (DEBUG){
        -:  275:    printf("Entering buyCard...\n");
        -:  276:  }
        -:  277:
        -:  278:  // I don't know what to do about the phase thing.
        -:  279:
    #####:  280:  who = state->whoseTurn;
        -:  281:
    #####:  282:  if (state->numBuys < 1){
        -:  283:    if (DEBUG)
        -:  284:      printf("You do not have any buys left\n");
    #####:  285:    return -1;
    #####:  286:  } else if (supplyCount(supplyPos, state) <1){
        -:  287:    if (DEBUG)
        -:  288:      printf("There are not any of that type of card left\n");
    #####:  289:    return -1;
    #####:  290:  } else if (state->coins < getCost(supplyPos)){
        -:  291:    if (DEBUG) 
        -:  292:      printf("You do not have enough money to buy that. You have %d coins.\n", state->coins);
    #####:  293:    return -1;
        -:  294:  } else {
    #####:  295:    state->phase=1;
        -:  296:    //state->supplyCount[supplyPos]--;
    #####:  297:    gainCard(supplyPos, state, 0, who); //card goes in discard, this might be wrong.. (2 means goes into hand, 0 goes into discard)
        -:  298:  
    #####:  299:    state->coins = (state->coins) - (getCost(supplyPos));
    #####:  300:    state->numBuys--;
        -:  301:    if (DEBUG)
        -:  302:      printf("You bought card number %d for %d coins. You now have %d buys and %d coins.\n", supplyPos, getCost(supplyPos), state->numBuys, state->coins);
        -:  303:  }
        -:  304:
        -:  305:  //state->discard[who][state->discardCount[who]] = supplyPos;
        -:  306:  //state->discardCount[who]++;
        -:  307:    
    #####:  308:  return 0;
        -:  309:}
        -:  310:
    #####:  311:int numHandCards(struct gameState *state) {
    #####:  312:  return state->handCount[ whoseTurn(state) ];
        -:  313:}
        -:  314:
    #####:  315:int handCard(int handPos, struct gameState *state) {
    #####:  316:  int currentPlayer = whoseTurn(state);
    #####:  317:  return state->hand[currentPlayer][handPos];
        -:  318:}
        -:  319:
    #####:  320:int supplyCount(int card, struct gameState *state) {
    #####:  321:  return state->supplyCount[card];
        -:  322:}
        -:  323:
    #####:  324:int fullDeckCount(int player, int card, struct gameState *state) {
        -:  325:  int i;
    #####:  326:  int count = 0;
        -:  327:
    #####:  328:  for (i = 0; i < state->deckCount[player]; i++)
        -:  329:    {
    #####:  330:      if (state->deck[player][i] == card) count++;
        -:  331:    }
        -:  332:
    #####:  333:  for (i = 0; i < state->handCount[player]; i++)
        -:  334:    {
    #####:  335:      if (state->hand[player][i] == card) count++;
        -:  336:    }
        -:  337:
    #####:  338:  for (i = 0; i < state->discardCount[player]; i++)
        -:  339:    {
    #####:  340:      if (state->discard[player][i] == card) count++;
        -:  341:    }
        -:  342:
    #####:  343:  return count;
        -:  344:}
        -:  345:
     1597:  346:int whoseTurn(struct gameState *state) {
     1597:  347:  return state->whoseTurn;
        -:  348:}
        -:  349:
      695:  350:int endTurn(struct gameState *state) {
        -:  351:  int k;
        -:  352:  int i;
      695:  353:  int currentPlayer = whoseTurn(state);
        -:  354:  
        -:  355:  //Discard hand
     4170:  356:  for (i = 0; i < state->handCount[currentPlayer]; i++){
     3475:  357:    state->discard[currentPlayer][state->discardCount[currentPlayer]++] = state->hand[currentPlayer][i];//Discard
     3475:  358:    state->hand[currentPlayer][i] = -1;//Set card to -1
        -:  359:  }
      695:  360:  state->handCount[currentPlayer] = 0;//Reset hand count
        -:  361:    
        -:  362:  //Code for determining the player
      695:  363:  if (currentPlayer < (state->numPlayers - 1)){ 
      695:  364:    state->whoseTurn = currentPlayer + 1;//Still safe to increment
        -:  365:  }
        -:  366:  else{
    #####:  367:    state->whoseTurn = 0;//Max player has been reached, loop back around to player 1
        -:  368:  }
        -:  369:
      695:  370:  state->outpostPlayed = 0;
      695:  371:  state->phase = 0;
      695:  372:  state->numActions = 1;
      695:  373:  state->coins = 0;
      695:  374:  state->numBuys = 1;
      695:  375:  state->playedCardCount = 0;
      695:  376:  state->handCount[state->whoseTurn] = 0;
        -:  377:
        -:  378:  //int k; move to top
        -:  379:  //Next player draws hand
     4170:  380:  for (k = 0; k < 5; k++){
     3475:  381:    drawCard(state->whoseTurn, state);//Draw a card
        -:  382:  }
        -:  383:
        -:  384:  //Update money
      695:  385:  updateCoins(state->whoseTurn, state , 0);
        -:  386:
      695:  387:  return 0;
        -:  388:}
        -:  389:
    #####:  390:int isGameOver(struct gameState *state) {
        -:  391:  int i;
        -:  392:  int j;
        -:  393:	
        -:  394:  //if stack of Province cards is empty, the game ends
    #####:  395:  if (state->supplyCount[province] == 0)
        -:  396:    {
    #####:  397:      return 1;
        -:  398:    }
        -:  399:
        -:  400:  //if three supply pile are at 0, the game ends
    #####:  401:  j = 0;
    #####:  402:  for (i = 0; i < 25; i++)
        -:  403:    {
    #####:  404:      if (state->supplyCount[i] == 0)
        -:  405:	{
    #####:  406:	  j++;
        -:  407:	}
        -:  408:    }
    #####:  409:  if ( j >= 3)
        -:  410:    {
    #####:  411:      return 1;
        -:  412:    }
        -:  413:
    #####:  414:  return 0;
        -:  415:}
        -:  416:
    #####:  417:int scoreFor (int player, struct gameState *state) {
        -:  418:
        -:  419:  int i;
    #####:  420:  int score = 0;
        -:  421:  //score from hand
    #####:  422:  for (i = 0; i < state->handCount[player]; i++)
        -:  423:    {
    #####:  424:      if (state->hand[player][i] == curse) { score = score - 1; };
    #####:  425:      if (state->hand[player][i] == estate) { score = score + 1; };
    #####:  426:      if (state->hand[player][i] == duchy) { score = score + 3; };
    #####:  427:      if (state->hand[player][i] == province) { score = score + 6; };
    #####:  428:      if (state->hand[player][i] == great_hall) { score = score + 1; };
    #####:  429:      if (state->hand[player][i] == gardens) { score = score + ( fullDeckCount(player, 0, state) / 10 ); };
        -:  430:    }
        -:  431:
        -:  432:  //score from discard
    #####:  433:  for (i = 0; i < state->discardCount[player]; i++)
        -:  434:    {
    #####:  435:      if (state->discard[player][i] == curse) { score = score - 1; };
    #####:  436:      if (state->discard[player][i] == estate) { score = score + 1; };
    #####:  437:      if (state->discard[player][i] == duchy) { score = score + 3; };
    #####:  438:      if (state->discard[player][i] == province) { score = score + 6; };
    #####:  439:      if (state->discard[player][i] == great_hall) { score = score + 1; };
    #####:  440:      if (state->discard[player][i] == gardens) { score = score + ( fullDeckCount(player, 0, state) / 10 ); };
        -:  441:    }
        -:  442:
        -:  443:  //score from deck
    #####:  444:  for (i = 0; i < state->discardCount[player]; i++)
        -:  445:    {
    #####:  446:      if (state->deck[player][i] == curse) { score = score - 1; };
    #####:  447:      if (state->deck[player][i] == estate) { score = score + 1; };
    #####:  448:      if (state->deck[player][i] == duchy) { score = score + 3; };
    #####:  449:      if (state->deck[player][i] == province) { score = score + 6; };
    #####:  450:      if (state->deck[player][i] == great_hall) { score = score + 1; };
    #####:  451:      if (state->deck[player][i] == gardens) { score = score + ( fullDeckCount(player, 0, state) / 10 ); };
        -:  452:    }
        -:  453:
    #####:  454:  return score;
        -:  455:}
        -:  456:
    #####:  457:int getWinners(int players[MAX_PLAYERS], struct gameState *state) {
        -:  458:  int i;	
        -:  459:  int j;
        -:  460:  int highScore;
        -:  461:  int currentPlayer;
        -:  462:
        -:  463:  //get score for each player
    #####:  464:  for (i = 0; i < MAX_PLAYERS; i++)
        -:  465:    {
        -:  466:      //set unused player scores to -9999
    #####:  467:      if (i >= state->numPlayers)
        -:  468:	{
    #####:  469:	  players[i] = -9999;
        -:  470:	}
        -:  471:      else
        -:  472:	{
    #####:  473:	  players[i] = scoreFor (i, state);
        -:  474:	}
        -:  475:    }
        -:  476:
        -:  477:  //find highest score
    #####:  478:  j = 0;
    #####:  479:  for (i = 0; i < MAX_PLAYERS; i++)
        -:  480:    {
    #####:  481:      if (players[i] > players[j])
        -:  482:	{
    #####:  483:	  j = i;
        -:  484:	}
        -:  485:    }
    #####:  486:  highScore = players[j];
        -:  487:
        -:  488:  //add 1 to players who had less turns
    #####:  489:  currentPlayer = whoseTurn(state);
    #####:  490:  for (i = 0; i < MAX_PLAYERS; i++)
        -:  491:    {
    #####:  492:      if ( players[i] == highScore && i > currentPlayer )
        -:  493:	{
    #####:  494:	  players[i]++;
        -:  495:	}
        -:  496:    }
        -:  497:
        -:  498:  //find new highest score
    #####:  499:  j = 0;
    #####:  500:  for (i = 0; i < MAX_PLAYERS; i++)
        -:  501:    {
    #####:  502:      if ( players[i] > players[j] )
        -:  503:	{
    #####:  504:	  j = i;
        -:  505:	}
        -:  506:    }
    #####:  507:  highScore = players[j];
        -:  508:
        -:  509:  //set winners in array to 1 and rest to 0
    #####:  510:  for (i = 0; i < MAX_PLAYERS; i++)
        -:  511:    {
    #####:  512:      if ( players[i] == highScore )
        -:  513:	{
    #####:  514:	  players[i] = 1;
        -:  515:	}
        -:  516:      else
        -:  517:	{
    #####:  518:	  players[i] = 0;
        -:  519:	}
        -:  520:    }
        -:  521:
    #####:  522:  return 0;
        -:  523:}
        -:  524:
    26204:  525:int drawCard(int player, struct gameState *state)
        -:  526:{	int count;
        -:  527:  int deckCounter;
    26204:  528:  if (state->deckCount[player] <= 0){//Deck is empty
        -:  529:    
        -:  530:    //Step 1 Shuffle the discard pile back into a deck
        -:  531:    int i;
        -:  532:    //Move discard to deck
     6015:  533:    for (i = 0; i < state->discardCount[player];i++){
     5587:  534:      state->deck[player][i] = state->discard[player][i];
     5587:  535:      state->discard[player][i] = -1;
        -:  536:    }
        -:  537:
      428:  538:    state->deckCount[player] = state->discardCount[player];
      428:  539:    state->discardCount[player] = 0;//Reset discard
        -:  540:
        -:  541:    //Shufffle the deck
      428:  542:    shuffle(player, state);//Shuffle the deck up and make it so that we can draw
        -:  543:   
        -:  544:    if (DEBUG){//Debug statements
        -:  545:      printf("Deck count now: %d\n", state->deckCount[player]);
        -:  546:    }
        -:  547:    
      428:  548:    state->discardCount[player] = 0;
        -:  549:
        -:  550:    //Step 2 Draw Card
      428:  551:    count = state->handCount[player];//Get current player's hand count
        -:  552:    
        -:  553:    if (DEBUG){//Debug statements
        -:  554:      printf("Current hand count: %d\n", count);
        -:  555:    }
        -:  556:    
      428:  557:    deckCounter = state->deckCount[player];//Create a holder for the deck count
        -:  558:
      428:  559:    if (deckCounter == 0)
      294:  560:      return -1;
        -:  561:
      134:  562:    state->hand[player][count] = state->deck[player][deckCounter - 1];//Add card to hand
      134:  563:    state->deckCount[player]--;
      134:  564:    state->handCount[player]++;//Increment hand count
        -:  565:  }
        -:  566:
        -:  567:  else{
    25776:  568:    int count = state->handCount[player];//Get current hand count for player
        -:  569:    int deckCounter;
        -:  570:    if (DEBUG){//Debug statements
        -:  571:      printf("Current hand count: %d\n", count);
        -:  572:    }
        -:  573:
    25776:  574:    deckCounter = state->deckCount[player];//Create holder for the deck count
    25776:  575:    state->hand[player][count] = state->deck[player][deckCounter - 1];//Add card to the hand
    25776:  576:    state->deckCount[player]--;
    25776:  577:    state->handCount[player]++;//Increment hand count
        -:  578:  }
        -:  579:
    25910:  580:  return 0;
        -:  581:}
        -:  582:
    #####:  583:int getCost(int cardNumber)
        -:  584:{
    #####:  585:  switch( cardNumber ) 
        -:  586:    {
        -:  587:    case curse:
    #####:  588:      return 0;
        -:  589:    case estate:
    #####:  590:      return 2;
        -:  591:    case duchy:
    #####:  592:      return 5;
        -:  593:    case province:
    #####:  594:      return 8;
        -:  595:    case copper:
    #####:  596:      return 0;
        -:  597:    case silver:
    #####:  598:      return 3;
        -:  599:    case gold:
    #####:  600:      return 6;
        -:  601:    case adventurer:
    #####:  602:      return 6;
        -:  603:    case council_room:
    #####:  604:      return 5;
        -:  605:    case feast:
    #####:  606:      return 4;
        -:  607:    case gardens:
    #####:  608:      return 4;
        -:  609:    case mine:
    #####:  610:      return 5;
        -:  611:    case remodel:
    #####:  612:      return 4;
        -:  613:    case smithy:
    #####:  614:      return 4;
        -:  615:    case village:
    #####:  616:      return 3;
        -:  617:    case baron:
    #####:  618:      return 4;
        -:  619:    case great_hall:
    #####:  620:      return 3;
        -:  621:    case minion:
    #####:  622:      return 5;
        -:  623:    case steward:
    #####:  624:      return 3;
        -:  625:    case tribute:
    #####:  626:      return 5;
        -:  627:    case ambassador:
    #####:  628:      return 3;
        -:  629:    case cutpurse:
    #####:  630:      return 4;
        -:  631:    case embargo: 
    #####:  632:      return 2;
        -:  633:    case outpost:
    #####:  634:      return 5;
        -:  635:    case salvager:
    #####:  636:      return 4;
        -:  637:    case sea_hag:
    #####:  638:      return 4;
        -:  639:    case treasure_map:
    #####:  640:      return 4;
        -:  641:    }
        -:  642:	
    #####:  643:  return -1;
        -:  644:}
        -:  645:
        2:  646:int cardEffect(int card, int choice1, int choice2, int choice3, struct gameState *state, int handPos, int *bonus)
        -:  647:{
        -:  648:  int i;
        -:  649:  int j;
        -:  650:  int k;
        -:  651:  int x;
        -:  652:  int index;
        2:  653:  int currentPlayer = whoseTurn(state);
        2:  654:  int nextPlayer = currentPlayer + 1;
        -:  655:
        2:  656:  int tributeRevealedCards[2] = {-1, -1};
        -:  657:  int temphand[MAX_HAND];// moved above the if statement
        2:  658:  int drawntreasure=0;
        -:  659:  int cardDrawn;
        2:  660:  int z = 0;// this is the counter for the temp hand
        2:  661:  if (nextPlayer > (state->numPlayers - 1)){
    #####:  662:    nextPlayer = 0;
        -:  663:  }
        -:  664:  
        -:  665:	
        -:  666:  //uses switch to select card and perform actions
        2:  667:  switch( card ) 
        -:  668:    {
        -:  669:    case adventurer:
        1:  670:		adventurerEffect(drawntreasure, state, currentPlayer, z, temphand);
        1:  671:		return 0;
        -:  672:			
        -:  673:    case council_room:
        -:  674:      //+4 Cards
    #####:  675:      for (i = 0; i < 4; i++)
        -:  676:	{
    #####:  677:	  drawCard(currentPlayer, state);
        -:  678:	}
        -:  679:			
        -:  680:      //+1 Buy
    #####:  681:      state->numBuys++;
        -:  682:			
        -:  683:      //Each other player draws a card
    #####:  684:      for (i = 0; i < state->numPlayers; i++)
        -:  685:	{
    #####:  686:	  if ( i != currentPlayer )
        -:  687:	    {
    #####:  688:	      drawCard(i, state);
        -:  689:	    }
        -:  690:	}
        -:  691:			
        -:  692:      //put played card in played card pile
    #####:  693:      discardCard(handPos, currentPlayer, state, 0);
        -:  694:			
    #####:  695:      return 0;
        -:  696:			
        -:  697:    case feast:
        -:  698:      //gain card with cost up to 5
        -:  699:      //Backup hand
    #####:  700:      for (i = 0; i <= state->handCount[currentPlayer]; i++){
    #####:  701:	temphand[i] = state->hand[currentPlayer][i];//Backup card
    #####:  702:	state->hand[currentPlayer][i] = -1;//Set to nothing
        -:  703:      }
        -:  704:      //Backup hand
        -:  705:
        -:  706:      //Update Coins for Buy
    #####:  707:      updateCoins(currentPlayer, state, 5);
    #####:  708:      x = 1;//Condition to loop on
    #####:  709:      while( x == 1) {//Buy one card
    #####:  710:	if (supplyCount(choice1, state) <= 0){
        -:  711:	  if (DEBUG)
        -:  712:	    printf("None of that card left, sorry!\n");
        -:  713:
        -:  714:	  if (DEBUG){
        -:  715:	    printf("Cards Left: %d\n", supplyCount(choice1, state));
        -:  716:	  }
        -:  717:	}
    #####:  718:	else if (state->coins < getCost(choice1)){
    #####:  719:	  printf("That card is too expensive!\n");
        -:  720:
        -:  721:	  if (DEBUG){
        -:  722:	    printf("Coins: %d < %d\n", state->coins, getCost(choice1));
        -:  723:	  }
        -:  724:	}
        -:  725:	else{
        -:  726:
        -:  727:	  if (DEBUG){
        -:  728:	    printf("Deck Count: %d\n", state->handCount[currentPlayer] + state->deckCount[currentPlayer] + state->discardCount[currentPlayer]);
        -:  729:	  }
        -:  730:
    #####:  731:	  gainCard(choice1, state, 0, currentPlayer);//Gain the card
    #####:  732:	  x = 0;//No more buying cards
        -:  733:
        -:  734:	  if (DEBUG){
        -:  735:	    printf("Deck Count: %d\n", state->handCount[currentPlayer] + state->deckCount[currentPlayer] + state->discardCount[currentPlayer]);
        -:  736:	  }
        -:  737:
        -:  738:	}
        -:  739:      }     
        -:  740:
        -:  741:      //Reset Hand
    #####:  742:      for (i = 0; i <= state->handCount[currentPlayer]; i++){
    #####:  743:	state->hand[currentPlayer][i] = temphand[i];
    #####:  744:	temphand[i] = -1;
        -:  745:      }
        -:  746:      //Reset Hand
        -:  747:      			
    #####:  748:      return 0;
        -:  749:			
        -:  750:    case gardens:
    #####:  751:      return -1;
        -:  752:			
        -:  753:    case mine:
    #####:  754:      j = state->hand[currentPlayer][choice1];  //store card we will trash
        -:  755:
    #####:  756:      if (state->hand[currentPlayer][choice1] < copper || state->hand[currentPlayer][choice1] > gold)
        -:  757:	{
    #####:  758:	  return -1;
        -:  759:	}
        -:  760:		
    #####:  761:      if (choice2 > treasure_map || choice2 < curse)
        -:  762:	{
    #####:  763:	  return -1;
        -:  764:	}
        -:  765:
    #####:  766:      if ( (getCost(state->hand[currentPlayer][choice1]) + 3) > getCost(choice2) )
        -:  767:	{
    #####:  768:	  return -1;
        -:  769:	}
        -:  770:
    #####:  771:      gainCard(choice2, state, 2, currentPlayer);
        -:  772:
        -:  773:      //discard card from hand
    #####:  774:      discardCard(handPos, currentPlayer, state, 0);
        -:  775:
        -:  776:      //discard trashed card
    #####:  777:      for (i = 0; i < state->handCount[currentPlayer]; i++)
        -:  778:	{
    #####:  779:	  if (state->hand[currentPlayer][i] == j)
        -:  780:	    {
    #####:  781:	      discardCard(i, currentPlayer, state, 0);			
    #####:  782:	      break;
        -:  783:	    }
        -:  784:	}
        -:  785:			
    #####:  786:      return 0;
        -:  787:			
        -:  788:    case remodel:
    #####:  789:      j = state->hand[currentPlayer][choice1];  //store card we will trash
        -:  790:
    #####:  791:      if ( (getCost(state->hand[currentPlayer][choice1]) + 2) > getCost(choice2) )
        -:  792:	{
    #####:  793:	  return -1;
        -:  794:	}
        -:  795:
    #####:  796:      gainCard(choice2, state, 0, currentPlayer);
        -:  797:
        -:  798:      //discard card from hand
    #####:  799:      discardCard(handPos, currentPlayer, state, 0);
        -:  800:
        -:  801:      //discard trashed card
    #####:  802:      for (i = 0; i < state->handCount[currentPlayer]; i++)
        -:  803:	{
    #####:  804:	  if (state->hand[currentPlayer][i] == j)
        -:  805:	    {
    #####:  806:	      discardCard(i, currentPlayer, state, 0);			
    #####:  807:	      break;
        -:  808:	    }
        -:  809:	}
        -:  810:
        -:  811:
    #####:  812:      return 0;
        -:  813:		
        -:  814:    case smithy:
        -:  815:		//+3 Cards
        1:  816:		smithyEffect(currentPlayer, state, handPos);
        1:  817:		return 0;
        -:  818:		
        -:  819:    case village:
    #####:  820:		villageEffect(currentPlayer, state, handPos);  
    #####:  821:		return 0;
        -:  822:		
        -:  823:    case baron:
    #####:  824:      state->numBuys++;//Increase buys by 1!
    #####:  825:      if (choice1 > 0){//Boolean true or going to discard an estate
    #####:  826:	int p = 0;//Iterator for hand!
    #####:  827:	int card_not_discarded = 1;//Flag for discard set!
    #####:  828:	while(card_not_discarded){
    #####:  829:	  if (state->hand[currentPlayer][p] == estate){//Found an estate card!
    #####:  830:	    state->coins += 4;//Add 4 coins to the amount of coins
    #####:  831:	    state->discard[currentPlayer][state->discardCount[currentPlayer]] = state->hand[currentPlayer][p];
    #####:  832:	    state->discardCount[currentPlayer]++;
    #####:  833:	    for (;p < state->handCount[currentPlayer]; p++){
    #####:  834:	      state->hand[currentPlayer][p] = state->hand[currentPlayer][p+1];
        -:  835:	    }
    #####:  836:	    state->hand[currentPlayer][state->handCount[currentPlayer]] = -1;
    #####:  837:	    state->handCount[currentPlayer]--;
    #####:  838:	    card_not_discarded = 0;//Exit the loop
        -:  839:	  }
    #####:  840:	  else if (p > state->handCount[currentPlayer]){
        -:  841:	    if(DEBUG) {
        -:  842:	      printf("No estate cards in your hand, invalid choice\n");
        -:  843:	      printf("Must gain an estate if there are any\n");
        -:  844:	    }
    #####:  845:	    if (supplyCount(estate, state) > 0){
    #####:  846:	      gainCard(estate, state, 0, currentPlayer);
    #####:  847:	      state->supplyCount[estate]--;//Decrement estates
    #####:  848:	      if (supplyCount(estate, state) == 0){
    #####:  849:		isGameOver(state);
        -:  850:	      }
        -:  851:	    }
    #####:  852:	    card_not_discarded = 0;//Exit the loop
        -:  853:	  }
        -:  854:			    
        -:  855:	  else{
    #####:  856:	    p++;//Next card
        -:  857:	  }
        -:  858:	}
        -:  859:      }
        -:  860:			    
        -:  861:      else{
    #####:  862:	if (supplyCount(estate, state) > 0){
    #####:  863:	  gainCard(estate, state, 0, currentPlayer);//Gain an estate
    #####:  864:	  state->supplyCount[estate]--;//Decrement Estates
    #####:  865:	  if (supplyCount(estate, state) == 0){
    #####:  866:	    isGameOver(state);
        -:  867:	  }
        -:  868:	}
        -:  869:      }
        -:  870:	    
        -:  871:      
    #####:  872:      return 0;
        -:  873:		
        -:  874:    case great_hall:
        -:  875:      //+1 Card
    #####:  876:      drawCard(currentPlayer, state);
        -:  877:			
        -:  878:      //+1 Actions
    #####:  879:      state->numActions++;
        -:  880:			
        -:  881:      //discard card from hand
    #####:  882:      discardCard(handPos, currentPlayer, state, 0);
    #####:  883:      return 0;
        -:  884:		
        -:  885:    case minion:
        -:  886:      //+1 action
    #####:  887:      state->numActions++;
        -:  888:			
        -:  889:      //discard card from hand
    #####:  890:      discardCard(handPos, currentPlayer, state, 0);
        -:  891:			
    #####:  892:      if (choice1)		//+2 coins
        -:  893:	{
    #####:  894:	  state->coins = state->coins + 2;
        -:  895:	}
        -:  896:			
    #####:  897:      else if (choice2)		//discard hand, redraw 4, other players with 5+ cards discard hand and draw 4
        -:  898:	{
        -:  899:	  //discard hand
    #####:  900:	  while(numHandCards(state) > 0)
        -:  901:	    {
    #####:  902:	      discardCard(handPos, currentPlayer, state, 0);
        -:  903:	    }
        -:  904:				
        -:  905:	  //draw 4
    #####:  906:	  for (i = 0; i < 4; i++)
        -:  907:	    {
    #####:  908:	      drawCard(currentPlayer, state);
        -:  909:	    }
        -:  910:				
        -:  911:	  //other players discard hand and redraw if hand size > 4
    #####:  912:	  for (i = 0; i < state->numPlayers; i++)
        -:  913:	    {
    #####:  914:	      if (i != currentPlayer)
        -:  915:		{
    #####:  916:		  if ( state->handCount[i] > 4 )
        -:  917:		    {
        -:  918:		      //discard hand
    #####:  919:		      while( state->handCount[i] > 0 )
        -:  920:			{
    #####:  921:			  discardCard(handPos, i, state, 0);
        -:  922:			}
        -:  923:							
        -:  924:		      //draw 4
    #####:  925:		      for (j = 0; j < 4; j++)
        -:  926:			{
    #####:  927:			  drawCard(i, state);
        -:  928:			}
        -:  929:		    }
        -:  930:		}
        -:  931:	    }
        -:  932:				
        -:  933:	}
    #####:  934:      return 0;
        -:  935:		
        -:  936:    case steward:
    #####:  937:		stewardEffect(currentPlayer, state, handPos, choice1, choice2, choice3);
    #####:  938:		return 0;
        -:  939:		
        -:  940:    case tribute:
    #####:  941:      if ((state->discardCount[nextPlayer] + state->deckCount[nextPlayer]) <= 1){
    #####:  942:	if (state->deckCount[nextPlayer] > 0){
    #####:  943:	  tributeRevealedCards[0] = state->deck[nextPlayer][state->deckCount[nextPlayer]-1];
    #####:  944:	  state->deckCount[nextPlayer]--;
        -:  945:	}
    #####:  946:	else if (state->discardCount[nextPlayer] > 0){
    #####:  947:	  tributeRevealedCards[0] = state->discard[nextPlayer][state->discardCount[nextPlayer]-1];
    #####:  948:	  state->discardCount[nextPlayer]--;
        -:  949:	}
        -:  950:	else{
        -:  951:	  //No Card to Reveal
        -:  952:	  if (DEBUG){
        -:  953:	    printf("No cards to reveal\n");
        -:  954:	  }
        -:  955:	}
        -:  956:      }
        -:  957:	    
        -:  958:      else{
    #####:  959:	if (state->deckCount[nextPlayer] == 0){
    #####:  960:	  for (i = 0; i < state->discardCount[nextPlayer]; i++){
    #####:  961:	    state->deck[nextPlayer][i] = state->discard[nextPlayer][i];//Move to deck
    #####:  962:	    state->deckCount[nextPlayer]++;
    #####:  963:	    state->discard[nextPlayer][i] = -1;
    #####:  964:	    state->discardCount[nextPlayer]--;
        -:  965:	  }
        -:  966:			    
    #####:  967:	  shuffle(nextPlayer,state);//Shuffle the deck
        -:  968:	} 
    #####:  969:	tributeRevealedCards[0] = state->deck[nextPlayer][state->deckCount[nextPlayer]-1];
    #####:  970:	state->deck[nextPlayer][state->deckCount[nextPlayer]--] = -1;
    #####:  971:	state->deckCount[nextPlayer]--;
    #####:  972:	tributeRevealedCards[1] = state->deck[nextPlayer][state->deckCount[nextPlayer]-1];
    #####:  973:	state->deck[nextPlayer][state->deckCount[nextPlayer]--] = -1;
    #####:  974:	state->deckCount[nextPlayer]--;
        -:  975:      }    
        -:  976:		       
    #####:  977:      if (tributeRevealedCards[0] == tributeRevealedCards[1]){//If we have a duplicate card, just drop one 
    #####:  978:	state->playedCards[state->playedCardCount] = tributeRevealedCards[1];
    #####:  979:	state->playedCardCount++;
    #####:  980:	tributeRevealedCards[1] = -1;
        -:  981:      }
        -:  982:
    #####:  983:      for (i = 0; i <= 2; i ++){
    #####:  984:	if (tributeRevealedCards[i] == copper || tributeRevealedCards[i] == silver || tributeRevealedCards[i] == gold){//Treasure cards
    #####:  985:	  state->coins += 2;
        -:  986:	}
        -:  987:		    
    #####:  988:	else if (tributeRevealedCards[i] == estate || tributeRevealedCards[i] == duchy || tributeRevealedCards[i] == province || tributeRevealedCards[i] == gardens || tributeRevealedCards[i] == great_hall){//Victory Card Found
    #####:  989:	  drawCard(currentPlayer, state);
    #####:  990:	  drawCard(currentPlayer, state);
        -:  991:	}
        -:  992:	else{//Action Card
    #####:  993:	  state->numActions = state->numActions + 2;
        -:  994:	}
        -:  995:      }
        -:  996:	    
    #####:  997:      return 0;
        -:  998:		
        -:  999:    case ambassador:
    #####: 1000:      j = 0;		//used to check if player has enough cards to discard
        -: 1001:
    #####: 1002:      if (choice2 > 2 || choice2 < 0)
        -: 1003:	{
    #####: 1004:	  return -1;				
        -: 1005:	}
        -: 1006:
    #####: 1007:      if (choice1 == handPos)
        -: 1008:	{
    #####: 1009:	  return -1;
        -: 1010:	}
        -: 1011:
    #####: 1012:      for (i = 0; i < state->handCount[currentPlayer]; i++)
        -: 1013:	{
    #####: 1014:	  if (i != handPos && i == state->hand[currentPlayer][choice1] && i != choice1)
        -: 1015:	    {
    #####: 1016:	      j++;
        -: 1017:	    }
        -: 1018:	}
    #####: 1019:      if (j < choice2)
        -: 1020:	{
    #####: 1021:	  return -1;				
        -: 1022:	}
        -: 1023:
        -: 1024:      if (DEBUG) 
        -: 1025:	printf("Player %d reveals card number: %d\n", currentPlayer, state->hand[currentPlayer][choice1]);
        -: 1026:
        -: 1027:      //increase supply count for choosen card by amount being discarded
    #####: 1028:      state->supplyCount[state->hand[currentPlayer][choice1]] += choice2;
        -: 1029:			
        -: 1030:      //each other player gains a copy of revealed card
    #####: 1031:      for (i = 0; i < state->numPlayers; i++)
        -: 1032:	{
    #####: 1033:	  if (i != currentPlayer)
        -: 1034:	    {
    #####: 1035:	      gainCard(state->hand[currentPlayer][choice1], state, 0, i);
        -: 1036:	    }
        -: 1037:	}
        -: 1038:
        -: 1039:      //discard played card from hand
    #####: 1040:      discardCard(handPos, currentPlayer, state, 0);			
        -: 1041:
        -: 1042:      //trash copies of cards returned to supply
    #####: 1043:      for (j = 0; j < choice2; j++)
        -: 1044:	{
    #####: 1045:	  for (i = 0; i < state->handCount[currentPlayer]; i++)
        -: 1046:	    {
    #####: 1047:	      if (state->hand[currentPlayer][i] == state->hand[currentPlayer][choice1])
        -: 1048:		{
    #####: 1049:		  discardCard(i, currentPlayer, state, 1);
    #####: 1050:		  break;
        -: 1051:		}
        -: 1052:	    }
        -: 1053:	}			
        -: 1054:
    #####: 1055:      return 0;
        -: 1056:		
        -: 1057:    case cutpurse:
        -: 1058:
    #####: 1059:      updateCoins(currentPlayer, state, 2);
    #####: 1060:      for (i = 0; i < state->numPlayers; i++)
        -: 1061:	{
    #####: 1062:	  if (i != currentPlayer)
        -: 1063:	    {
    #####: 1064:	      for (j = 0; j < state->handCount[i]; j++)
        -: 1065:		{
    #####: 1066:		  if (state->hand[i][j] == copper)
        -: 1067:		    {
    #####: 1068:		      discardCard(j, i, state, 0);
    #####: 1069:		      break;
        -: 1070:		    }
    #####: 1071:		  if (j == state->handCount[i])
        -: 1072:		    {
    #####: 1073:		      for (k = 0; k < state->handCount[i]; k++)
        -: 1074:			{
        -: 1075:			  if (DEBUG)
        -: 1076:			    printf("Player %d reveals card number %d\n", i, state->hand[i][k]);
        -: 1077:			}	
    #####: 1078:		      break;
        -: 1079:		    }		
        -: 1080:		}
        -: 1081:					
        -: 1082:	    }
        -: 1083:				
        -: 1084:	}				
        -: 1085:
        -: 1086:      //discard played card from hand
    #####: 1087:      discardCard(handPos, currentPlayer, state, 0);			
        -: 1088:
    #####: 1089:      return 0;
        -: 1090:
        -: 1091:		
        -: 1092:    case embargo: 
        -: 1093:      //+2 Coins
    #####: 1094:      state->coins = state->coins + 2;
        -: 1095:			
        -: 1096:      //see if selected pile is in play
    #####: 1097:      if ( state->supplyCount[choice1] == -1 )
        -: 1098:	{
    #####: 1099:	  return -1;
        -: 1100:	}
        -: 1101:			
        -: 1102:      //add embargo token to selected supply pile
    #####: 1103:      state->embargoTokens[choice1]++;
        -: 1104:			
        -: 1105:      //trash card
    #####: 1106:      discardCard(handPos, currentPlayer, state, 1);		
    #####: 1107:      return 0;
        -: 1108:		
        -: 1109:    case outpost:
        -: 1110:      //set outpost flag
    #####: 1111:      state->outpostPlayed++;
        -: 1112:			
        -: 1113:      //discard card
    #####: 1114:      discardCard(handPos, currentPlayer, state, 0);
    #####: 1115:      return 0;
        -: 1116:		
        -: 1117:    case salvager:
    #####: 1118:		salvagerEffect(currentPlayer, state, handPos, choice1);
    #####: 1119:		return 0;
        -: 1120:		
        -: 1121:    case sea_hag:
    #####: 1122:      for (i = 0; i < state->numPlayers; i++){
    #####: 1123:	if (i != currentPlayer){
    #####: 1124:	  state->discard[i][state->discardCount[i]] = state->deck[i][state->deckCount[i]--];			    state->deckCount[i]--;
    #####: 1125:	  state->discardCount[i]++;
    #####: 1126:	  state->deck[i][state->deckCount[i]--] = curse;//Top card now a curse
        -: 1127:	}
        -: 1128:      }
    #####: 1129:      return 0;
        -: 1130:		
        -: 1131:    case treasure_map:
        -: 1132:      //search hand for another treasure_map
    #####: 1133:      index = -1;
    #####: 1134:      for (i = 0; i < state->handCount[currentPlayer]; i++)
        -: 1135:	{
    #####: 1136:	  if (state->hand[currentPlayer][i] == treasure_map && i != handPos)
        -: 1137:	    {
    #####: 1138:	      index = i;
    #####: 1139:	      break;
        -: 1140:	    }
        -: 1141:	}
    #####: 1142:      if (index > -1)
        -: 1143:	{
        -: 1144:	  //trash both treasure cards
    #####: 1145:	  discardCard(handPos, currentPlayer, state, 1);
    #####: 1146:	  discardCard(index, currentPlayer, state, 1);
        -: 1147:
        -: 1148:	  //gain 4 Gold cards
    #####: 1149:	  for (i = 0; i < 4; i++)
        -: 1150:	    {
    #####: 1151:	      gainCard(gold, state, 1, currentPlayer);
        -: 1152:	    }
        -: 1153:				
        -: 1154:	  //return success
    #####: 1155:	  return 1;
        -: 1156:	}
        -: 1157:			
        -: 1158:      //no second treasure_map found in hand
    #####: 1159:      return -1;
        -: 1160:    }
        -: 1161:	
    #####: 1162:  return -1;
        -: 1163:}
        -: 1164:
      502: 1165:int discardCard(int handPos, int currentPlayer, struct gameState *state, int trashFlag)
        -: 1166:{
        -: 1167:	
        -: 1168:  //if card is not trashed, added to Played pile 
      502: 1169:  if (trashFlag < 1)
        -: 1170:    {
        -: 1171:      //add card to played pile
      502: 1172:      state->playedCards[state->playedCardCount] = state->hand[currentPlayer][handPos]; 
      502: 1173:      state->playedCardCount++;
        -: 1174:    }
        -: 1175:	
        -: 1176:  //set played card to -1
      502: 1177:  state->hand[currentPlayer][handPos] = -1;
        -: 1178:	
        -: 1179:  //remove card from player's hand
      502: 1180:  if ( handPos == (state->handCount[currentPlayer] - 1) ) 	//last card in hand array is played
        -: 1181:    {
        -: 1182:      //reduce number of cards in hand
    #####: 1183:      state->handCount[currentPlayer]--;
        -: 1184:    }
      502: 1185:  else if ( state->handCount[currentPlayer] == 1 ) //only one card in hand
        -: 1186:    {
        -: 1187:      //reduce number of cards in hand
    #####: 1188:      state->handCount[currentPlayer]--;
        -: 1189:    }
        -: 1190:  else 	
        -: 1191:    {
        -: 1192:      //replace discarded card with last card in hand
      502: 1193:      state->hand[currentPlayer][handPos] = state->hand[currentPlayer][ (state->handCount[currentPlayer] - 1)];
        -: 1194:      //set last card to -1
      502: 1195:      state->hand[currentPlayer][state->handCount[currentPlayer] - 1] = -1;
        -: 1196:      //reduce number of cards in hand
      502: 1197:      state->handCount[currentPlayer]--;
        -: 1198:    }
        -: 1199:	
      502: 1200:  return 0;
        -: 1201:}
        -: 1202:
    #####: 1203:int gainCard(int supplyPos, struct gameState *state, int toFlag, int player)
        -: 1204:{
        -: 1205:  //Note: supplyPos is enum of choosen card
        -: 1206:	
        -: 1207:  //check if supply pile is empty (0) or card is not used in game (-1)
    #####: 1208:  if ( supplyCount(supplyPos, state) < 1 )
        -: 1209:    {
    #####: 1210:      return -1;
        -: 1211:    }
        -: 1212:	
        -: 1213:  //added card for [whoseTurn] current player:
        -: 1214:  // toFlag = 0 : add to discard
        -: 1215:  // toFlag = 1 : add to deck
        -: 1216:  // toFlag = 2 : add to hand
        -: 1217:
    #####: 1218:  if (toFlag == 1)
        -: 1219:    {
    #####: 1220:      state->deck[ player ][ state->deckCount[player] ] = supplyPos;
    #####: 1221:      state->deckCount[player]++;
        -: 1222:    }
    #####: 1223:  else if (toFlag == 2)
        -: 1224:    {
    #####: 1225:      state->hand[ player ][ state->handCount[player] ] = supplyPos;
    #####: 1226:      state->handCount[player]++;
        -: 1227:    }
        -: 1228:  else
        -: 1229:    {
    #####: 1230:      state->discard[player][ state->discardCount[player] ] = supplyPos;
    #####: 1231:      state->discardCount[player]++;
        -: 1232:    }
        -: 1233:	
        -: 1234:  //decrease number in supply pile
    #####: 1235:  state->supplyCount[supplyPos]--;
        -: 1236:	 
    #####: 1237:  return 0;
        -: 1238:}
        -: 1239:
     1397: 1240:int updateCoins(int player, struct gameState *state, int bonus)
        -: 1241:{
        -: 1242:  int i;
        -: 1243:	
        -: 1244:  //reset coin count
     1397: 1245:  state->coins = 0;
        -: 1246:
        -: 1247:  //add coins for each Treasure card in player's hand
     8382: 1248:  for (i = 0; i < state->handCount[player]; i++)
        -: 1249:    {
     6985: 1250:      if (state->hand[player][i] == copper)
        -: 1251:	{
     4913: 1252:	  state->coins += 1;
        -: 1253:	}
     2072: 1254:      else if (state->hand[player][i] == silver)
        -: 1255:	{
    #####: 1256:	  state->coins += 2;
        -: 1257:	}
     2072: 1258:      else if (state->hand[player][i] == gold)
        -: 1259:	{
    #####: 1260:	  state->coins += 3;
        -: 1261:	}	
        -: 1262:    }	
        -: 1263:
        -: 1264:  //add bonus
     1397: 1265:  state->coins += bonus;
        -: 1266:
     1397: 1267:  return 0;
        -: 1268:}
        -: 1269:
        -: 1270://	Assignment-2 Code added by ream
        -: 1271:
      201: 1272:void adventurerEffect(int dt, struct gameState *s, int player, int tempHand, int *th){
    15910: 1273:	while(dt<2){
    15508: 1274:		if (s->deckCount[player] < 1){//if the deck is empty we need to shuffle discard and add to deck
      363: 1275:		  shuffle(player, s);
        -: 1276:		}
    15508: 1277:		drawCard(player, s);
    15508: 1278:		int cardDrawn = s->hand[player][s->handCount[player]];//top card of hand is most recently drawn card.
    15508: 1279:		if (cardDrawn == copper || cardDrawn == silver || cardDrawn == gold)
      306: 1280:		  dt++;
        -: 1281:		else{
    15202: 1282:		  th[tempHand]=cardDrawn;
    15202: 1283:		  s->handCount[player]--; //this should just remove the top card (the most recently drawn one).
    15202: 1284:		  tempHand++;
        -: 1285:		}
        -: 1286:    }
        -: 1287:	  
    15604: 1288:    while(tempHand-1>=0){
    15202: 1289:		s->discard[player][s->discardCount[player]++]=th[tempHand-1]; // discard all cards in play that have been drawn
    15202: 1290:		tempHand=tempHand-1;
        -: 1291:    }
      201: 1292:}
        -: 1293:
      501: 1294:void smithyEffect(int player, struct gameState *s, int hp){
        -: 1295:    //+3 Cards
      501: 1296:	int i = 1;
     2004: 1297:	while(i < 3) 
        -: 1298:	{
     1002: 1299:		drawCard(player, s);
     1002: 1300:		i+=1;
        -: 1301:	}
        -: 1302:	
      501: 1303:	for(i=0;i<3;i++){
        -: 1304:	}
        -: 1305:			
        -: 1306:    //discard card from hand
      501: 1307:    discardCard(hp, player, s, 0);
      501: 1308:}
        -: 1309:
    #####: 1310:void villageEffect(int player, struct gameState *s, int hp){
        -: 1311:	  //+1 Card
    #####: 1312:      drawCard(player, s);
        -: 1313:			
        -: 1314:      //+2 Actions
    #####: 1315:      s->numActions = s->numActions + 2;
    #####: 1316:}
        -: 1317:
    #####: 1318:void stewardEffect(int player, struct gameState *s, int hp, int c1, int c2, int c3){
    #####: 1319:      if (c1 = 1)
        -: 1320:	{
        -: 1321:	  //+2 cards
    #####: 1322:	  drawCard(player, s);
    #####: 1323:	  drawCard(player, s);
        -: 1324:	}
        -: 1325:      else if (c1 = 2)
        -: 1326:	{
        -: 1327:	  //+2 coins
        -: 1328:	  s->coins = s->coins + 2;
        -: 1329:	}
        -: 1330:      else
        -: 1331:	{
        -: 1332:	  //trash 2 cards in hand
        -: 1333:	  discardCard(c2, player, s, 1);
        -: 1334:	  discardCard(c3, player, s, 1);
        -: 1335:	}
        -: 1336:			
        -: 1337:      //discard card from hand
    #####: 1338:      discardCard(hp, player, s, 0);
    #####: 1339:}
        -: 1340:
    #####: 1341:void salvagerEffect(int player, struct gameState *s, int hp, int c1){
        -: 1342:      //+1 buy
    #####: 1343:      s->numBuys++;
        -: 1344:			
    #####: 1345:      if (c1)
        -: 1346:	{
        -: 1347:	  //gain coins equal to trashed card
    #####: 1348:	  s->coins = s->coins + getCost( handCard(c1, s) );
        -: 1349:	  //trash card
    #####: 1350:	  discardCard(c1, player, s, 1);	
        -: 1351:	}
        -: 1352:			
        -: 1353:      //discard card
    #####: 1354:      discardCard(hp, player, s, 0);
    #####: 1355:}
        -: 1356:
        -: 1357://end of dominion.c
        -: 1358:
