        -:    0:Source:dominion.c
        -:    0:Graph:dominion.gcno
        -:    0:Data:dominion.gcda
        -:    0:Runs:8
        -:    0:Programs:8
        -:    1:#include "dominion.h"
        -:    2:#include "dominion_helpers.h"
        -:    3:#include "rngs.h"
        -:    4:#include <stdio.h>
        -:    5:#include <math.h>
        -:    6:#include <stdlib.h>
        -:    7:
      324:    8:int compare(const void* a, const void* b) {
      324:    9:  if (*(int*)a > *(int*)b)
        1:   10:    return 1;
      323:   11:  if (*(int*)a < *(int*)b)
       87:   12:    return -1;
      236:   13:  return 0;
        -:   14:}
        -:   15:
    #####:   16:struct gameState* newGame() {
    #####:   17:  struct gameState* g = malloc(sizeof(struct gameState));
    #####:   18:  return g;
        -:   19:}
        -:   20:
    #####:   21:int* kingdomCards(int k1, int k2, int k3, int k4, int k5, int k6, int k7,
        -:   22:		  int k8, int k9, int k10) {
    #####:   23:  int* k = malloc(10 * sizeof(int));
    #####:   24:  k[0] = k1;
    #####:   25:  k[1] = k2;
    #####:   26:  k[2] = k3;
    #####:   27:  k[3] = k4;
    #####:   28:  k[4] = k5;
    #####:   29:  k[5] = k6;
    #####:   30:  k[6] = k7;
    #####:   31:  k[7] = k8;
    #####:   32:  k[8] = k9;
    #####:   33:  k[9] = k10;
    #####:   34:  return k;
        -:   35:}
        -:   36:
        8:   37:int initializeGame(int numPlayers, int kingdomCards[10], int randomSeed,
        -:   38:		   struct gameState *state) {
        -:   39:
        -:   40:  int i;
        -:   41:  int j;
        -:   42:  int it;			
        -:   43:  //set up random number generator
        8:   44:  SelectStream(1);
        8:   45:  PutSeed((long)randomSeed);
        -:   46:  
        -:   47:  //check number of players
        8:   48:  if (numPlayers > MAX_PLAYERS || numPlayers < 2)
        -:   49:    {
    #####:   50:      return -1;
        -:   51:    }
        -:   52:
        -:   53:  //set number of players
        8:   54:  state->numPlayers = numPlayers;
        -:   55:
        -:   56:  //check selected kingdom cards are different
       79:   57:  for (i = 0; i < 10; i++)
        -:   58:    {
      787:   59:      for (j = 0; j < 10; j++)
        -:   60:        {
      716:   61:	  if (j != i && kingdomCards[j] == kingdomCards[i])
        -:   62:	    {
        1:   63:	      return -1;
        -:   64:	    }
        -:   65:        }
        -:   66:    }
        -:   67:
        -:   68:
        -:   69:  //initialize supply
        -:   70:  ///////////////////////////////
        -:   71:
        -:   72:  //set number of Curse cards
        7:   73:  if (numPlayers == 2)
        -:   74:    {
        1:   75:      state->supplyCount[curse] = 10;
        -:   76:    }
        6:   77:  else if (numPlayers == 3)
        -:   78:    {
        5:   79:      state->supplyCount[curse] = 20;
        -:   80:    }
        -:   81:  else
        -:   82:    {
        1:   83:      state->supplyCount[curse] = 30;
        -:   84:    }
        -:   85:
        -:   86:  //set number of Victory cards
        7:   87:  if (numPlayers == 2)
        -:   88:    {
        1:   89:      state->supplyCount[estate] = 8;
        1:   90:      state->supplyCount[duchy] = 8;
        1:   91:      state->supplyCount[province] = 8;
        -:   92:    }
        -:   93:  else
        -:   94:    {
        6:   95:      state->supplyCount[estate] = 12;
        6:   96:      state->supplyCount[duchy] = 12;
        6:   97:      state->supplyCount[province] = 12;
        -:   98:    }
        -:   99:
        -:  100:  //set number of Treasure cards
        7:  101:  state->supplyCount[copper] = 60 - (7 * numPlayers);
        7:  102:  state->supplyCount[silver] = 40;
        7:  103:  state->supplyCount[gold] = 30;
        -:  104:
        -:  105:  //set number of Kingdom cards
      147:  106:  for (i = adventurer; i <= treasure_map; i++)       	//loop all cards
        -:  107:    {
     1155:  108:      for (j = 0; j < 10; j++)           		//loop chosen cards
        -:  109:	{
     1085:  110:	  if (kingdomCards[j] == i)
        -:  111:	    {
        -:  112:	      //check if card is a 'Victory' Kingdom card
       70:  113:	      if (kingdomCards[j] == great_hall || kingdomCards[j] == gardens)
        -:  114:		{
       12:  115:		  if (numPlayers == 2){ 
        1:  116:		    state->supplyCount[i] = 8; 
        -:  117:		  }
        5:  118:		  else{ state->supplyCount[i] = 12; }
        -:  119:		}
        -:  120:	      else
        -:  121:		{
       64:  122:		  state->supplyCount[i] = 10;
        -:  123:		}
       70:  124:	      break;
        -:  125:	    }
        -:  126:	  else    //card is not in the set choosen for the game
        -:  127:	    {
     1015:  128:	      state->supplyCount[i] = -1;
        -:  129:	    }
        -:  130:	}
        -:  131:
        -:  132:    }
        -:  133:
        -:  134:  ////////////////////////
        -:  135:  //supply intilization complete
        -:  136:
        -:  137:  //set player decks
       28:  138:  for (i = 0; i < numPlayers; i++)
        -:  139:    {
       21:  140:      state->deckCount[i] = 0;
       84:  141:      for (j = 0; j < 3; j++)
        -:  142:	{
       63:  143:	  state->deck[i][j] = estate;
       63:  144:	  state->deckCount[i]++;
        -:  145:	}
      168:  146:      for (j = 3; j < 10; j++)
        -:  147:	{
      147:  148:	  state->deck[i][j] = copper;
      147:  149:	  state->deckCount[i]++;		
        -:  150:	}
        -:  151:    }
        -:  152:
        -:  153:  //shuffle player decks
       28:  154:  for (i = 0; i < numPlayers; i++)
        -:  155:    {
       21:  156:      if ( shuffle(i, state) < 0 )
        -:  157:	{
    #####:  158:	  return -1;
        -:  159:	}
        -:  160:    }
        -:  161:
        -:  162:  //draw player hands
       28:  163:  for (i = 0; i < numPlayers; i++)
        -:  164:    {  
        -:  165:      //initialize hand size to zero
       21:  166:      state->handCount[i] = 0;
       21:  167:      state->discardCount[i] = 0;
        -:  168:      //draw 5 cards
        -:  169:      // for (j = 0; j < 5; j++)
        -:  170:      //	{
        -:  171:      //	  drawCard(i, state);
        -:  172:      //	}
        -:  173:    }
        -:  174:  
        -:  175:  //set embargo tokens to 0 for all supply piles
      196:  176:  for (i = 0; i <= treasure_map; i++)
        -:  177:    {
      189:  178:      state->embargoTokens[i] = 0;
        -:  179:    }
        -:  180:
        -:  181:  //initialize first player's turn
        7:  182:  state->outpostPlayed = 0;
        7:  183:  state->phase = 0;
        7:  184:  state->numActions = 1;
        7:  185:  state->numBuys = 1;
        7:  186:  state->playedCardCount = 0;
        7:  187:  state->whoseTurn = 0;
        7:  188:  state->handCount[state->whoseTurn] = 0;
        -:  189:  //int it; move to top
        -:  190:
        -:  191:  //Moved draw cards to here, only drawing at the start of a turn
       42:  192:  for (it = 0; it < 5; it++){
       35:  193:    drawCard(state->whoseTurn, state);
        -:  194:  }
        -:  195:
        7:  196:  updateCoins(state->whoseTurn, state, 0);
        -:  197:
        7:  198:  return 0;
        -:  199:}
        -:  200:
       23:  201:int shuffle(int player, struct gameState *state) {
        -:  202: 
        -:  203:
        -:  204:  int newDeck[MAX_DECK];
       23:  205:  int newDeckPos = 0;
        -:  206:  int card;
        -:  207:  int i;
        -:  208:
       23:  209:  if (state->deckCount[player] < 1)
    #####:  210:    return -1;
       23:  211:  qsort ((void*)(state->deck[player]), state->deckCount[player], sizeof(int), compare); 
        -:  212:  /* SORT CARDS IN DECK TO ENSURE DETERMINISM! */
        -:  213:
      265:  214:  while (state->deckCount[player] > 0) {
      219:  215:    card = floor(Random() * state->deckCount[player]);
      219:  216:    newDeck[newDeckPos] = state->deck[player][card];
      219:  217:    newDeckPos++;
      619:  218:    for (i = card; i < state->deckCount[player]-1; i++) {
      400:  219:      state->deck[player][i] = state->deck[player][i+1];
        -:  220:    }
      219:  221:    state->deckCount[player]--;
        -:  222:  }
      242:  223:  for (i = 0; i < newDeckPos; i++) {
      219:  224:    state->deck[player][i] = newDeck[i];
      219:  225:    state->deckCount[player]++;
        -:  226:  }
        -:  227:
       23:  228:  return 0;
        -:  229:}
        -:  230:
    #####:  231:int playCard(int handPos, int choice1, int choice2, int choice3, struct gameState *state) 
        -:  232:{	
        -:  233:  int card;
    #####:  234:  int coin_bonus = 0; 		//tracks coins gain from actions
        -:  235:
        -:  236:  //check if it is the right phase
    #####:  237:  if (state->phase != 0)
        -:  238:    {
    #####:  239:      return -1;
        -:  240:    }
        -:  241:	
        -:  242:  //check if player has enough actions
    #####:  243:  if ( state->numActions < 1 )
        -:  244:    {
    #####:  245:      return -1;
        -:  246:    }
        -:  247:	
        -:  248:  //get card played
    #####:  249:  card = handCard(handPos, state);
        -:  250:	
        -:  251:  //check if selected card is an action
    #####:  252:  if ( card < adventurer || card > treasure_map )
        -:  253:    {
    #####:  254:      return -1;
        -:  255:    }
        -:  256:	
        -:  257:  //play card
    #####:  258:  if ( cardEffect(card, choice1, choice2, choice3, state, handPos, &coin_bonus) < 0 )
        -:  259:    {
    #####:  260:      return -1;
        -:  261:    }
        -:  262:	
        -:  263:  //reduce number of actions
    #####:  264:  state->numActions--;
        -:  265:
        -:  266:  //update coins (Treasure cards may be added with card draws)
    #####:  267:  updateCoins(state->whoseTurn, state, coin_bonus);
        -:  268:	
    #####:  269:  return 0;
        -:  270:}
        -:  271:
    #####:  272:int buyCard(int supplyPos, struct gameState *state) {
        -:  273:  int who;
        -:  274:  if (DEBUG){
        -:  275:    printf("Entering buyCard...\n");
        -:  276:  }
        -:  277:
        -:  278:  // I don't know what to do about the phase thing.
        -:  279:
    #####:  280:  who = state->whoseTurn;
        -:  281:
    #####:  282:  if (state->numBuys < 1){
        -:  283:    if (DEBUG)
        -:  284:      printf("You do not have any buys left\n");
    #####:  285:    return -1;
    #####:  286:  } else if (supplyCount(supplyPos, state) <1){
        -:  287:    if (DEBUG)
        -:  288:      printf("There are not any of that type of card left\n");
    #####:  289:    return -1;
    #####:  290:  } else if (state->coins < getCost(supplyPos)){
        -:  291:    if (DEBUG) 
        -:  292:      printf("You do not have enough money to buy that. You have %d coins.\n", state->coins);
    #####:  293:    return -1;
        -:  294:  } else {
    #####:  295:    state->phase=1;
        -:  296:    //state->supplyCount[supplyPos]--;
    #####:  297:    gainCard(supplyPos, state, 0, who); //card goes in discard, this might be wrong.. (2 means goes into hand, 0 goes into discard)
        -:  298:  
    #####:  299:    state->coins = (state->coins) - (getCost(supplyPos));
    #####:  300:    state->numBuys--;
        -:  301:    if (DEBUG)
        -:  302:      printf("You bought card number %d for %d coins. You now have %d buys and %d coins.\n", supplyPos, getCost(supplyPos), state->numBuys, state->coins);
        -:  303:  }
        -:  304:
        -:  305:  //state->discard[who][state->discardCount[who]] = supplyPos;
        -:  306:  //state->discardCount[who]++;
        -:  307:    
    #####:  308:  return 0;
        -:  309:}
        -:  310:
    #####:  311:int numHandCards(struct gameState *state) {
    #####:  312:  return state->handCount[ whoseTurn(state) ];
        -:  313:}
        -:  314:
    #####:  315:int handCard(int handPos, struct gameState *state) {
    #####:  316:  int currentPlayer = whoseTurn(state);
    #####:  317:  return state->hand[currentPlayer][handPos];
        -:  318:}
        -:  319:
        1:  320:int supplyCount(int card, struct gameState *state) {
        1:  321:  return state->supplyCount[card];
        -:  322:}
        -:  323:
    #####:  324:int fullDeckCount(int player, int card, struct gameState *state) {
        -:  325:  int i;
    #####:  326:  int count = 0;
        -:  327:
    #####:  328:  for (i = 0; i < state->deckCount[player]; i++)
        -:  329:    {
    #####:  330:      if (state->deck[player][i] == card) count++;
        -:  331:    }
        -:  332:
    #####:  333:  for (i = 0; i < state->handCount[player]; i++)
        -:  334:    {
    #####:  335:      if (state->hand[player][i] == card) count++;
        -:  336:    }
        -:  337:
    #####:  338:  for (i = 0; i < state->discardCount[player]; i++)
        -:  339:    {
    #####:  340:      if (state->discard[player][i] == card) count++;
        -:  341:    }
        -:  342:
    #####:  343:  return count;
        -:  344:}
        -:  345:
       32:  346:int whoseTurn(struct gameState *state) {
       32:  347:  return state->whoseTurn;
        -:  348:}
        -:  349:
    #####:  350:int endTurn(struct gameState *state) {
        -:  351:  int k;
        -:  352:  int i;
    #####:  353:  int currentPlayer = whoseTurn(state);
        -:  354:  
        -:  355:  //Discard hand
    #####:  356:  for (i = 0; i < state->handCount[currentPlayer]; i++){
    #####:  357:    state->discard[currentPlayer][state->discardCount[currentPlayer]++] = state->hand[currentPlayer][i];//Discard
    #####:  358:    state->hand[currentPlayer][i] = -1;//Set card to -1
        -:  359:  }
    #####:  360:  state->handCount[currentPlayer] = 0;//Reset hand count
        -:  361:    
        -:  362:  //Code for determining the player
    #####:  363:  if (currentPlayer < (state->numPlayers - 1)){ 
    #####:  364:    state->whoseTurn = currentPlayer + 1;//Still safe to increment
        -:  365:  }
        -:  366:  else{
    #####:  367:    state->whoseTurn = 0;//Max player has been reached, loop back around to player 1
        -:  368:  }
        -:  369:
    #####:  370:  state->outpostPlayed = 0;
    #####:  371:  state->phase = 0;
    #####:  372:  state->numActions = 1;
    #####:  373:  state->coins = 0;
    #####:  374:  state->numBuys = 1;
    #####:  375:  state->playedCardCount = 0;
    #####:  376:  state->handCount[state->whoseTurn] = 0;
        -:  377:
        -:  378:  //int k; move to top
        -:  379:  //Next player draws hand
    #####:  380:  for (k = 0; k < 5; k++){
    #####:  381:    drawCard(state->whoseTurn, state);//Draw a card
        -:  382:  }
        -:  383:
        -:  384:  //Update money
    #####:  385:  updateCoins(state->whoseTurn, state , 0);
        -:  386:
    #####:  387:  return 0;
        -:  388:}
        -:  389:
       32:  390:int isGameOver(struct gameState *state) {
        -:  391:  int i;
        -:  392:  int j;
        -:  393:	
        -:  394:  //if stack of Province cards is empty, the game ends
       32:  395:  if (state->supplyCount[province] == 0)
        -:  396:    {
        3:  397:      return 1;
        -:  398:    }
        -:  399:
        -:  400:  //if three supply pile are at 0, the game ends
       29:  401:  j = 0;
      754:  402:  for (i = 0; i < 25; i++)
        -:  403:    {
      725:  404:      if (state->supplyCount[i] == 0)
        -:  405:	{
    #####:  406:	  j++;
        -:  407:	}
        -:  408:    }
       29:  409:  if ( j >= 3)
        -:  410:    {
    #####:  411:      return 1;
        -:  412:    }
        -:  413:
       29:  414:  return 0;
        -:  415:}
        -:  416:
    #####:  417:int scoreFor (int player, struct gameState *state) {
        -:  418:
        -:  419:  int i;
    #####:  420:  int score = 0;
        -:  421:  //score from hand
    #####:  422:  for (i = 0; i < state->handCount[player]; i++)
        -:  423:    {
    #####:  424:      if (state->hand[player][i] == curse) { score = score - 1; };
    #####:  425:      if (state->hand[player][i] == estate) { score = score + 1; };
    #####:  426:      if (state->hand[player][i] == duchy) { score = score + 3; };
    #####:  427:      if (state->hand[player][i] == province) { score = score + 6; };
    #####:  428:      if (state->hand[player][i] == great_hall) { score = score + 1; };
    #####:  429:      if (state->hand[player][i] == gardens) { score = score + ( fullDeckCount(player, 0, state) / 10 ); };
        -:  430:    }
        -:  431:
        -:  432:  //score from discard
    #####:  433:  for (i = 0; i < state->discardCount[player]; i++)
        -:  434:    {
    #####:  435:      if (state->discard[player][i] == curse) { score = score - 1; };
    #####:  436:      if (state->discard[player][i] == estate) { score = score + 1; };
    #####:  437:      if (state->discard[player][i] == duchy) { score = score + 3; };
    #####:  438:      if (state->discard[player][i] == province) { score = score + 6; };
    #####:  439:      if (state->discard[player][i] == great_hall) { score = score + 1; };
    #####:  440:      if (state->discard[player][i] == gardens) { score = score + ( fullDeckCount(player, 0, state) / 10 ); };
        -:  441:    }
        -:  442:
        -:  443:  //score from deck
    #####:  444:  for (i = 0; i < state->discardCount[player]; i++)
        -:  445:    {
    #####:  446:      if (state->deck[player][i] == curse) { score = score - 1; };
    #####:  447:      if (state->deck[player][i] == estate) { score = score + 1; };
    #####:  448:      if (state->deck[player][i] == duchy) { score = score + 3; };
    #####:  449:      if (state->deck[player][i] == province) { score = score + 6; };
    #####:  450:      if (state->deck[player][i] == great_hall) { score = score + 1; };
    #####:  451:      if (state->deck[player][i] == gardens) { score = score + ( fullDeckCount(player, 0, state) / 10 ); };
        -:  452:    }
        -:  453:
    #####:  454:  return score;
        -:  455:}
        -:  456:
    #####:  457:int getWinners(int players[MAX_PLAYERS], struct gameState *state) {
        -:  458:  int i;	
        -:  459:  int j;
        -:  460:  int highScore;
        -:  461:  int currentPlayer;
        -:  462:
        -:  463:  //get score for each player
    #####:  464:  for (i = 0; i < MAX_PLAYERS; i++)
        -:  465:    {
        -:  466:      //set unused player scores to -9999
    #####:  467:      if (i >= state->numPlayers)
        -:  468:	{
    #####:  469:	  players[i] = -9999;
        -:  470:	}
        -:  471:      else
        -:  472:	{
    #####:  473:	  players[i] = scoreFor (i, state);
        -:  474:	}
        -:  475:    }
        -:  476:
        -:  477:  //find highest score
    #####:  478:  j = 0;
    #####:  479:  for (i = 0; i < MAX_PLAYERS; i++)
        -:  480:    {
    #####:  481:      if (players[i] > players[j])
        -:  482:	{
    #####:  483:	  j = i;
        -:  484:	}
        -:  485:    }
    #####:  486:  highScore = players[j];
        -:  487:
        -:  488:  //add 1 to players who had less turns
    #####:  489:  currentPlayer = whoseTurn(state);
    #####:  490:  for (i = 0; i < MAX_PLAYERS; i++)
        -:  491:    {
    #####:  492:      if ( players[i] == highScore && i > currentPlayer )
        -:  493:	{
    #####:  494:	  players[i]++;
        -:  495:	}
        -:  496:    }
        -:  497:
        -:  498:  //find new highest score
    #####:  499:  j = 0;
    #####:  500:  for (i = 0; i < MAX_PLAYERS; i++)
        -:  501:    {
    #####:  502:      if ( players[i] > players[j] )
        -:  503:	{
    #####:  504:	  j = i;
        -:  505:	}
        -:  506:    }
    #####:  507:  highScore = players[j];
        -:  508:
        -:  509:  //set winners in array to 1 and rest to 0
    #####:  510:  for (i = 0; i < MAX_PLAYERS; i++)
        -:  511:    {
    #####:  512:      if ( players[i] == highScore )
        -:  513:	{
    #####:  514:	  players[i] = 1;
        -:  515:	}
        -:  516:      else
        -:  517:	{
    #####:  518:	  players[i] = 0;
        -:  519:	}
        -:  520:    }
        -:  521:
    #####:  522:  return 0;
        -:  523:}
        -:  524:
       45:  525:int drawCard(int player, struct gameState *state)
        -:  526:{	int count;
        -:  527:  int deckCounter;
       45:  528:  if (state->deckCount[player] <= 0){//Deck is empty
        -:  529:    
        -:  530:    //Step 1 Shuffle the discard pile back into a deck
        -:  531:    int i;
        -:  532:    //Move discard to deck
    #####:  533:    for (i = 0; i < state->discardCount[player];i++){
    #####:  534:      state->deck[player][i] = state->discard[player][i];
    #####:  535:      state->discard[player][i] = -1;
        -:  536:    }
        -:  537:
    #####:  538:    state->deckCount[player] = state->discardCount[player];
    #####:  539:    state->discardCount[player] = 0;//Reset discard
        -:  540:
        -:  541:    //Shufffle the deck
    #####:  542:    shuffle(player, state);//Shuffle the deck up and make it so that we can draw
        -:  543:   
        -:  544:    if (DEBUG){//Debug statements
        -:  545:      printf("Deck count now: %d\n", state->deckCount[player]);
        -:  546:    }
        -:  547:    
    #####:  548:    state->discardCount[player] = 0;
        -:  549:
        -:  550:    //Step 2 Draw Card
    #####:  551:    count = state->handCount[player];//Get current player's hand count
        -:  552:    
        -:  553:    if (DEBUG){//Debug statements
        -:  554:      printf("Current hand count: %d\n", count);
        -:  555:    }
        -:  556:    
    #####:  557:    deckCounter = state->deckCount[player];//Create a holder for the deck count
        -:  558:
    #####:  559:    if (deckCounter == 0)
    #####:  560:      return -1;
        -:  561:
    #####:  562:    state->hand[player][count] = state->deck[player][deckCounter - 1];//Add card to hand
    #####:  563:    state->deckCount[player]--;
    #####:  564:    state->handCount[player]++;//Increment hand count
        -:  565:  }
        -:  566:
        -:  567:  else{
       45:  568:    int count = state->handCount[player];//Get current hand count for player
        -:  569:    int deckCounter;
        -:  570:    if (DEBUG){//Debug statements
        -:  571:      printf("Current hand count: %d\n", count);
        -:  572:    }
        -:  573:
       45:  574:    deckCounter = state->deckCount[player];//Create holder for the deck count
       45:  575:    state->hand[player][count] = state->deck[player][deckCounter - 1];//Add card to the hand
       45:  576:    state->deckCount[player]--;
       45:  577:    state->handCount[player]++;//Increment hand count
        -:  578:  }
        -:  579:
       45:  580:  return 0;
        -:  581:}
        -:  582:
       58:  583:int getCost(int cardNumber)
        -:  584:{
       58:  585:  switch( cardNumber ) 
        -:  586:    {
        -:  587:    case curse:
        4:  588:      return 0;
        -:  589:    case estate:
        2:  590:      return 2;
        -:  591:    case duchy:
        2:  592:      return 5;
        -:  593:    case province:
        2:  594:      return 8;
        -:  595:    case copper:
        2:  596:      return 0;
        -:  597:    case silver:
        2:  598:      return 3;
        -:  599:    case gold:
        2:  600:      return 6;
        -:  601:    case adventurer:
        4:  602:      return 6;
        -:  603:    case council_room:
        2:  604:      return 5;
        -:  605:    case feast:
        2:  606:      return 4;
        -:  607:    case gardens:
        2:  608:      return 4;
        -:  609:    case mine:
        2:  610:      return 5;
        -:  611:    case remodel:
        2:  612:      return 4;
        -:  613:    case smithy:
        2:  614:      return 4;
        -:  615:    case village:
        2:  616:      return 3;
        -:  617:    case baron:
        2:  618:      return 4;
        -:  619:    case great_hall:
        2:  620:      return 3;
        -:  621:    case minion:
        2:  622:      return 5;
        -:  623:    case steward:
        2:  624:      return 3;
        -:  625:    case tribute:
        2:  626:      return 5;
        -:  627:    case ambassador:
        2:  628:      return 3;
        -:  629:    case cutpurse:
        2:  630:      return 4;
        -:  631:    case embargo: 
        2:  632:      return 2;
        -:  633:    case outpost:
        2:  634:      return 5;
        -:  635:    case salvager:
        2:  636:      return 4;
        -:  637:    case sea_hag:
        2:  638:      return 4;
        -:  639:    case treasure_map:
        2:  640:      return 4;
        -:  641:    }
        -:  642:	
    #####:  643:  return -1;
        -:  644:}
        -:  645:
        1:  646:int adventurerEffect(struct gameState *state) 
        -:  647:{
        1:  648:  int drawnTreasure=0;
        1:  649:  int currentPlayer = whoseTurn(state);
        -:  650:  int tempHand[MAX_HAND];// moved above the if statement
        -:  651:  int cardDrawn;
        1:  652:  int z = 0;// this is the counter for the temp hand
        -:  653:
        4:  654:  while(drawnTreasure<2){
        -:  655:/** bug: changed <1 to >=1 so that shuffle occurs even when deck is not empty **/
        -:  656://    if (state->deckCount[currentPlayer] <1){//if the deck is empty we need to shuffle discard and add to deck
        2:  657:    if (state->deckCount[currentPlayer] >=1){//if the deck is empty we need to shuffle discard and add to deck
        2:  658:      shuffle(currentPlayer, state);
        -:  659:    }
        2:  660:    drawCard(currentPlayer, state);
        2:  661:    cardDrawn = state->hand[currentPlayer][state->handCount[currentPlayer]-1];//top card of hand is most recently drawn card.
        2:  662:    if (cardDrawn == copper || cardDrawn == silver || cardDrawn == gold) {
        2:  663:      drawnTreasure++;
        -:  664:    }
        -:  665:    else {
    #####:  666:      tempHand[z]=cardDrawn;
    #####:  667:      state->handCount[currentPlayer]--; //this should just remove the top card (the most recently drawn one).
    #####:  668:      z++;
        -:  669:    }
        -:  670:  }
        2:  671:  while(z-1>=0){
    #####:  672:    state->discard[currentPlayer][state->discardCount[currentPlayer]++]=tempHand[z-1]; // discard all cards in play that have been drawn
    #####:  673:    z=z-1;
        -:  674:  }
        1:  675:  return 0;
        -:  676:}
        -:  677:
        -:  678:
    #####:  679:int councilRoomEffect(struct gameState *state, int handPos)
        -:  680:{
    #####:  681:  int currentPlayer = whoseTurn(state);
        -:  682:  //+4 Cards
        -:  683:
        -:  684:  int i; 
    #####:  685:  for (i = 0; i < 4; i++) {
    #####:  686:    drawCard(currentPlayer, state);
        -:  687:  }
        -:  688:			
        -:  689:  //+1 Buy
    #####:  690:  state->numBuys++;
        -:  691:			
        -:  692:  //Each other player draws a card
    #####:  693:  for (i = 0; i < state->numPlayers; i++) {
    #####:  694:    if ( i != currentPlayer ) {
    #####:  695:      drawCard(i, state);
        -:  696:    }
        -:  697:  }
        -:  698:			
        -:  699:  //put played card in played card pile
    #####:  700:  discardCard(handPos, currentPlayer, state, 0);
        -:  701:			
    #####:  702:  return 0;
        -:  703:}
        -:  704:
    #####:  705:int feastEffect(struct gameState *state, int handPos, int choice)
        -:  706:{
    #####:  707:  int currentPlayer = whoseTurn(state);
        -:  708:  int tempHand[MAX_HAND];// moved above the if statement
        -:  709:  int i;
        -:  710:  int x;
        -:  711:  //gain card with cost up to 5
        -:  712:  //Backup hand
    #####:  713:  for (i = 0; i <= state->handCount[currentPlayer]; i++){
    #####:  714:    tempHand[i] = state->hand[currentPlayer][i];//Backup card
    #####:  715:    state->hand[currentPlayer][i] = -1;//Set to nothing
        -:  716:  }
        -:  717:  //Backup hand
        -:  718:
        -:  719:  //Update Coins for Buy
    #####:  720:  updateCoins(currentPlayer, state, 5);
        -:  721:/** bug: changed 1 to 0 so that while loop will never engage **/
        -:  722://  x = 1;//Condition to loop on  
    #####:  723:  x = 0;//Condition to loop on
    #####:  724:  while( x == 1) {//Buy one card
    #####:  725:    if (supplyCount(choice, state) <= 0){
        -:  726:      if (DEBUG) {
        -:  727:        printf("None of that card left, sorry!\n");
        -:  728:      }
        -:  729:
        -:  730:      if (DEBUG){
        -:  731:        printf("Cards Left: %d\n", supplyCount(choice, state));
        -:  732:      }
        -:  733:    }
    #####:  734:    else if (state->coins < getCost(choice)){
    #####:  735:      printf("That card is too expensive!\n");
        -:  736:
        -:  737:      if (DEBUG){
        -:  738:        printf("Coins: %d < %d\n", state->coins, getCost(choice));
        -:  739:      }
        -:  740:    }
        -:  741:    else {
        -:  742:      if (DEBUG){
        -:  743:        printf("Deck Count: %d\n", state->handCount[currentPlayer] + state->deckCount[currentPlayer] + state->discardCount[currentPlayer]);
        -:  744:      }
        -:  745:
    #####:  746:      gainCard(choice, state, 0, currentPlayer);//Gain the card
    #####:  747:      x = 0;//No more buying cards
        -:  748:
        -:  749:      if (DEBUG){
        -:  750:        printf("Deck Count: %d\n", state->handCount[currentPlayer] + state->deckCount[currentPlayer] + state->discardCount[currentPlayer]);
        -:  751:      }
        -:  752:
        -:  753:    }
        -:  754:  }     
        -:  755:
        -:  756:  //Reset Hand
    #####:  757:  for (i = 0; i <= state->handCount[currentPlayer]; i++){
    #####:  758:    state->hand[currentPlayer][i] = tempHand[i];
    #####:  759:    tempHand[i] = -1;
        -:  760:  }
        -:  761:  //Reset Hand
        -:  762:      			
    #####:  763:  return 0;
        -:  764:}
        -:  765:
        -:  766:
        1:  767:int mineEffect(struct gameState *state, int handPos, int choice1, int choice2)
        -:  768:{
        1:  769:  int currentPlayer = whoseTurn(state);
        1:  770:  int j = state->hand[currentPlayer][choice1];  //store card we will trash
        -:  771:
        1:  772:  if (state->hand[currentPlayer][choice1] < copper || state->hand[currentPlayer][choice1] > gold ||
    #####:  773:    choice2 > treasure_map || choice2 < curse ||
    #####:  774:    (getCost(state->hand[currentPlayer][choice1]) + 3) > getCost(choice2) ) {
        -:  775: 
        -:  776:    /**bug discard add in condition statement**/ 
        1:  777:    discardCard(handPos, currentPlayer, state, 0);
        -:  778:    
        1:  779:    return -1;
        -:  780:  }
        -:  781:
    #####:  782:  gainCard(choice2, state, 2, currentPlayer);
        -:  783:
        -:  784:  //discard card from hand
    #####:  785:  discardCard(handPos, currentPlayer, state, 0);
        -:  786:
        -:  787:  //discard trashed card
        -:  788:  int i;
        -:  789:
    #####:  790:  for (i = 0; i < state->handCount[currentPlayer]; i++) {
    #####:  791:    if (state->hand[currentPlayer][i] == j) {
    #####:  792:      discardCard(i, currentPlayer, state, 0);			
    #####:  793:      break;
        -:  794:    }
        -:  795:  }
    #####:  796:  return 0;
        -:  797:}			
        -:  798:
        1:  799:int remodelEffect(struct gameState *state, int handPos, int choice1, int choice2)
        -:  800:{
        1:  801:  int currentPlayer = whoseTurn(state);
        1:  802:  int j = state->hand[currentPlayer][choice1];  //store card we will trash
        -:  803:
        1:  804:  if ( (getCost(state->hand[currentPlayer][choice1]) + 2) > getCost(choice2) ) {
    #####:  805:    return -1;
        -:  806:  }
        -:  807:
        -:  808:/** bug: commented out gainCard  **/
        -:  809://  gainCard(choice2, state, 0, currentPlayer);
        -:  810:
        -:  811:  //discard card from hand
        1:  812:  discardCard(handPos, currentPlayer, state, 0);
        -:  813:
        -:  814:  //discard trashed card
        -:  815:  int i;
        5:  816:  for (i = 0; i < state->handCount[currentPlayer]; i++) {
        4:  817:    if (state->hand[currentPlayer][i] == j) {
    #####:  818:      discardCard(i, currentPlayer, state, 0);			
    #####:  819:      break;
        -:  820:    }
        -:  821:  }
        -:  822:
        1:  823:  return 0;
        -:  824:}
        -:  825:
        -:  826:
        1:  827:int smithyEffect(struct gameState *state, int handPos)
        -:  828:{
        1:  829:  int currentPlayer = whoseTurn(state);
        -:  830:  //+3 Cards
        -:  831:  int i;
        4:  832:  for (i = 0; i < 3; i++)
        -:  833:    {
        3:  834:      drawCard(currentPlayer, state);
        -:  835:    }
        -:  836:			
        -:  837:  //discard card from hand
        -:  838:/** bug: commented out discardCard  **/
        -:  839://  discardCard(handPos, currentPlayer, state, 0);
        1:  840:  return 0;
        -:  841:}
        -:  842:		
        -:  843:
        4:  844:int cardEffect(int card, int choice1, int choice2, int choice3, struct gameState *state, int handPos, int *bonus)
        -:  845:{
        -:  846:  int i;
        -:  847:  int j;
        -:  848:  int k;
        -:  849://  int x;
        -:  850:  int index;
        4:  851:  int currentPlayer = whoseTurn(state);
        4:  852:  int nextPlayer = currentPlayer + 1;
        -:  853:
        4:  854:  int tributeRevealedCards[2] = {-1, -1};
        -:  855://  int temphand[MAX_HAND];// moved above the if statement
        -:  856://  int drawntreasure=0;
        -:  857://  int cardDrawn;
        -:  858://  int z = 0;// this is the counter for the temp hand
        4:  859:  if (nextPlayer > (state->numPlayers - 1)){
    #####:  860:    nextPlayer = 0;
        -:  861:  }
        -:  862:  
        -:  863:	
        -:  864:  //uses switch to select card and perform actions
        4:  865:  switch( card ) 
        -:  866:    {
        -:  867:    case adventurer:
        1:  868:      return adventurerEffect(state);
        -:  869:
        -:  870:    case council_room:
    #####:  871:      return councilRoomEffect(state, handPos);
        -:  872:
        -:  873:    case feast:
    #####:  874:      return feastEffect(state, handPos, choice1);
        -:  875:
        -:  876:    case gardens:
    #####:  877:      return -1;
        -:  878:			
        -:  879:    case mine:
        1:  880:      return mineEffect(state, handPos, choice1, choice2);
        -:  881:			
        -:  882:    case remodel:
        1:  883:      return remodelEffect(state, handPos, choice1, choice2);
        -:  884:      j = state->hand[currentPlayer][choice1];  //store card we will trash
        -:  885:
        -:  886:      if ( (getCost(state->hand[currentPlayer][choice1]) + 2) > getCost(choice2) )
        -:  887:	{
        -:  888:	  return -1;
        -:  889:	}
        -:  890:
        -:  891:      gainCard(choice2, state, 0, currentPlayer);
        -:  892:
        -:  893:      //discard card from hand
        -:  894:      discardCard(handPos, currentPlayer, state, 0);
        -:  895:
        -:  896:      //discard trashed card
        -:  897:      for (i = 0; i < state->handCount[currentPlayer]; i++)
        -:  898:	{
        -:  899:	  if (state->hand[currentPlayer][i] == j)
        -:  900:	    {
        -:  901:	      discardCard(i, currentPlayer, state, 0);			
        -:  902:	      break;
        -:  903:	    }
        -:  904:	}
        -:  905:
        -:  906:
        -:  907:      return 0;
        -:  908:		
        -:  909:    case smithy:
        1:  910:        return smithyEffect(state, handPos);
        -:  911:
        -:  912:    case village:
        -:  913:      //+1 Card
    #####:  914:      drawCard(currentPlayer, state);
        -:  915:			
        -:  916:      //+2 Actions
    #####:  917:      state->numActions = state->numActions + 2;
        -:  918:			
        -:  919:      //discard played card from hand
    #####:  920:      discardCard(handPos, currentPlayer, state, 0);
    #####:  921:      return 0;
        -:  922:		
        -:  923:    case baron:
    #####:  924:      state->numBuys++;//Increase buys by 1!
    #####:  925:      if (choice1 > 0){//Boolean true or going to discard an estate
    #####:  926:	int p = 0;//Iterator for hand!
    #####:  927:	int card_not_discarded = 1;//Flag for discard set!
    #####:  928:	while(card_not_discarded){
    #####:  929:	  if (state->hand[currentPlayer][p] == estate){//Found an estate card!
    #####:  930:	    state->coins += 4;//Add 4 coins to the amount of coins
    #####:  931:	    state->discard[currentPlayer][state->discardCount[currentPlayer]] = state->hand[currentPlayer][p];
    #####:  932:	    state->discardCount[currentPlayer]++;
    #####:  933:	    for (;p < state->handCount[currentPlayer]; p++){
    #####:  934:	      state->hand[currentPlayer][p] = state->hand[currentPlayer][p+1];
        -:  935:	    }
    #####:  936:	    state->hand[currentPlayer][state->handCount[currentPlayer]] = -1;
    #####:  937:	    state->handCount[currentPlayer]--;
    #####:  938:	    card_not_discarded = 0;//Exit the loop
        -:  939:	  }
    #####:  940:	  else if (p > state->handCount[currentPlayer]){
        -:  941:	    if(DEBUG) {
        -:  942:	      printf("No estate cards in your hand, invalid choice\n");
        -:  943:	      printf("Must gain an estate if there are any\n");
        -:  944:	    }
    #####:  945:	    if (supplyCount(estate, state) > 0){
    #####:  946:	      gainCard(estate, state, 0, currentPlayer);
    #####:  947:	      state->supplyCount[estate]--;//Decrement estates
    #####:  948:	      if (supplyCount(estate, state) == 0){
    #####:  949:		isGameOver(state);
        -:  950:	      }
        -:  951:	    }
    #####:  952:	    card_not_discarded = 0;//Exit the loop
        -:  953:	  }
        -:  954:			    
        -:  955:	  else{
    #####:  956:	    p++;//Next card
        -:  957:	  }
        -:  958:	}
        -:  959:      }
        -:  960:			    
        -:  961:      else{
    #####:  962:	if (supplyCount(estate, state) > 0){
    #####:  963:	  gainCard(estate, state, 0, currentPlayer);//Gain an estate
    #####:  964:	  state->supplyCount[estate]--;//Decrement Estates
    #####:  965:	  if (supplyCount(estate, state) == 0){
    #####:  966:	    isGameOver(state);
        -:  967:	  }
        -:  968:	}
        -:  969:      }
        -:  970:	    
        -:  971:      
    #####:  972:      return 0;
        -:  973:		
        -:  974:    case great_hall:
        -:  975:      //+1 Card
    #####:  976:      drawCard(currentPlayer, state);
        -:  977:			
        -:  978:      //+1 Actions
    #####:  979:      state->numActions++;
        -:  980:			
        -:  981:      //discard card from hand
    #####:  982:      discardCard(handPos, currentPlayer, state, 0);
    #####:  983:      return 0;
        -:  984:		
        -:  985:    case minion:
        -:  986:      //+1 action
    #####:  987:      state->numActions++;
        -:  988:			
        -:  989:      //discard card from hand
    #####:  990:      discardCard(handPos, currentPlayer, state, 0);
        -:  991:			
    #####:  992:      if (choice1)		//+2 coins
        -:  993:	{
    #####:  994:	  state->coins = state->coins + 2;
        -:  995:	}
        -:  996:			
    #####:  997:      else if (choice2)		//discard hand, redraw 4, other players with 5+ cards discard hand and draw 4
        -:  998:	{
        -:  999:	  //discard hand
    #####: 1000:	  while(numHandCards(state) > 0)
        -: 1001:	    {
    #####: 1002:	      discardCard(handPos, currentPlayer, state, 0);
        -: 1003:	    }
        -: 1004:				
        -: 1005:	  //draw 4
    #####: 1006:	  for (i = 0; i < 4; i++)
        -: 1007:	    {
    #####: 1008:	      drawCard(currentPlayer, state);
        -: 1009:	    }
        -: 1010:				
        -: 1011:	  //other players discard hand and redraw if hand size > 4
    #####: 1012:	  for (i = 0; i < state->numPlayers; i++)
        -: 1013:	    {
    #####: 1014:	      if (i != currentPlayer)
        -: 1015:		{
    #####: 1016:		  if ( state->handCount[i] > 4 )
        -: 1017:		    {
        -: 1018:		      //discard hand
    #####: 1019:		      while( state->handCount[i] > 0 )
        -: 1020:			{
    #####: 1021:			  discardCard(handPos, i, state, 0);
        -: 1022:			}
        -: 1023:							
        -: 1024:		      //draw 4
    #####: 1025:		      for (j = 0; j < 4; j++)
        -: 1026:			{
    #####: 1027:			  drawCard(i, state);
        -: 1028:			}
        -: 1029:		    }
        -: 1030:		}
        -: 1031:	    }
        -: 1032:				
        -: 1033:	}
    #####: 1034:      return 0;
        -: 1035:		
        -: 1036:    case steward:
    #####: 1037:      if (choice1 == 1)
        -: 1038:	{
        -: 1039:	  //+2 cards
    #####: 1040:	  drawCard(currentPlayer, state);
    #####: 1041:	  drawCard(currentPlayer, state);
        -: 1042:	}
    #####: 1043:      else if (choice1 == 2)
        -: 1044:	{
        -: 1045:	  //+2 coins
    #####: 1046:	  state->coins = state->coins + 2;
        -: 1047:	}
        -: 1048:      else
        -: 1049:	{
        -: 1050:	  //trash 2 cards in hand
    #####: 1051:	  discardCard(choice2, currentPlayer, state, 1);
    #####: 1052:	  discardCard(choice3, currentPlayer, state, 1);
        -: 1053:	}
        -: 1054:			
        -: 1055:      //discard card from hand
    #####: 1056:      discardCard(handPos, currentPlayer, state, 0);
    #####: 1057:      return 0;
        -: 1058:		
        -: 1059:    case tribute:
    #####: 1060:      if ((state->discardCount[nextPlayer] + state->deckCount[nextPlayer]) <= 1){
    #####: 1061:	if (state->deckCount[nextPlayer] > 0){
    #####: 1062:	  tributeRevealedCards[0] = state->deck[nextPlayer][state->deckCount[nextPlayer]-1];
    #####: 1063:	  state->deckCount[nextPlayer]--;
        -: 1064:	}
    #####: 1065:	else if (state->discardCount[nextPlayer] > 0){
    #####: 1066:	  tributeRevealedCards[0] = state->discard[nextPlayer][state->discardCount[nextPlayer]-1];
    #####: 1067:	  state->discardCount[nextPlayer]--;
        -: 1068:	}
        -: 1069:	else{
        -: 1070:	  //No Card to Reveal
        -: 1071:	  if (DEBUG){
        -: 1072:	    printf("No cards to reveal\n");
        -: 1073:	  }
        -: 1074:	}
        -: 1075:      }
        -: 1076:	    
        -: 1077:      else{
    #####: 1078:	if (state->deckCount[nextPlayer] == 0){
    #####: 1079:	  for (i = 0; i < state->discardCount[nextPlayer]; i++){
    #####: 1080:	    state->deck[nextPlayer][i] = state->discard[nextPlayer][i];//Move to deck
    #####: 1081:	    state->deckCount[nextPlayer]++;
    #####: 1082:	    state->discard[nextPlayer][i] = -1;
    #####: 1083:	    state->discardCount[nextPlayer]--;
        -: 1084:	  }
        -: 1085:			    
    #####: 1086:	  shuffle(nextPlayer,state);//Shuffle the deck
        -: 1087:	} 
    #####: 1088:	tributeRevealedCards[0] = state->deck[nextPlayer][state->deckCount[nextPlayer]-1];
    #####: 1089:	state->deck[nextPlayer][state->deckCount[nextPlayer]--] = -1;
    #####: 1090:	state->deckCount[nextPlayer]--;
    #####: 1091:	tributeRevealedCards[1] = state->deck[nextPlayer][state->deckCount[nextPlayer]-1];
    #####: 1092:	state->deck[nextPlayer][state->deckCount[nextPlayer]--] = -1;
    #####: 1093:	state->deckCount[nextPlayer]--;
        -: 1094:      }    
        -: 1095:		       
    #####: 1096:      if (tributeRevealedCards[0] == tributeRevealedCards[1]){//If we have a duplicate card, just drop one 
    #####: 1097:	state->playedCards[state->playedCardCount] = tributeRevealedCards[1];
    #####: 1098:	state->playedCardCount++;
    #####: 1099:	tributeRevealedCards[1] = -1;
        -: 1100:      }
        -: 1101:
    #####: 1102:      for (i = 0; i <= 2; i ++){
    #####: 1103:	if (tributeRevealedCards[i] == copper || tributeRevealedCards[i] == silver || tributeRevealedCards[i] == gold){//Treasure cards
    #####: 1104:	  state->coins += 2;
        -: 1105:	}
        -: 1106:		    
    #####: 1107:	else if (tributeRevealedCards[i] == estate || tributeRevealedCards[i] == duchy || tributeRevealedCards[i] == province || tributeRevealedCards[i] == gardens || tributeRevealedCards[i] == great_hall){//Victory Card Found
    #####: 1108:	  drawCard(currentPlayer, state);
    #####: 1109:	  drawCard(currentPlayer, state);
        -: 1110:	}
        -: 1111:	else{//Action Card
    #####: 1112:	  state->numActions = state->numActions + 2;
        -: 1113:	}
        -: 1114:      }
        -: 1115:	    
    #####: 1116:      return 0;
        -: 1117:		
        -: 1118:    case ambassador:
    #####: 1119:      j = 0;		//used to check if player has enough cards to discard
        -: 1120:
    #####: 1121:      if (choice2 > 2 || choice2 < 0)
        -: 1122:	{
    #####: 1123:	  return -1;				
        -: 1124:	}
        -: 1125:
    #####: 1126:      if (choice1 == handPos)
        -: 1127:	{
    #####: 1128:	  return -1;
        -: 1129:	}
        -: 1130:
    #####: 1131:      for (i = 0; i < state->handCount[currentPlayer]; i++)
        -: 1132:	{
    #####: 1133:	  if (i != handPos && i == state->hand[currentPlayer][choice1] && i != choice1)
        -: 1134:	    {
    #####: 1135:	      j++;
        -: 1136:	    }
        -: 1137:	}
    #####: 1138:      if (j < choice2)
        -: 1139:	{
    #####: 1140:	  return -1;				
        -: 1141:	}
        -: 1142:
        -: 1143:      if (DEBUG) 
        -: 1144:	printf("Player %d reveals card number: %d\n", currentPlayer, state->hand[currentPlayer][choice1]);
        -: 1145:
        -: 1146:      //increase supply count for choosen card by amount being discarded
    #####: 1147:      state->supplyCount[state->hand[currentPlayer][choice1]] += choice2;
        -: 1148:			
        -: 1149:      //each other player gains a copy of revealed card
    #####: 1150:      for (i = 0; i < state->numPlayers; i++)
        -: 1151:	{
    #####: 1152:	  if (i != currentPlayer)
        -: 1153:	    {
    #####: 1154:	      gainCard(state->hand[currentPlayer][choice1], state, 0, i);
        -: 1155:	    }
        -: 1156:	}
        -: 1157:
        -: 1158:      //discard played card from hand
    #####: 1159:      discardCard(handPos, currentPlayer, state, 0);			
        -: 1160:
        -: 1161:      //trash copies of cards returned to supply
    #####: 1162:      for (j = 0; j < choice2; j++)
        -: 1163:	{
    #####: 1164:	  for (i = 0; i < state->handCount[currentPlayer]; i++)
        -: 1165:	    {
    #####: 1166:	      if (state->hand[currentPlayer][i] == state->hand[currentPlayer][choice1])
        -: 1167:		{
    #####: 1168:		  discardCard(i, currentPlayer, state, 1);
    #####: 1169:		  break;
        -: 1170:		}
        -: 1171:	    }
        -: 1172:	}			
        -: 1173:
    #####: 1174:      return 0;
        -: 1175:		
        -: 1176:    case cutpurse:
        -: 1177:
    #####: 1178:      updateCoins(currentPlayer, state, 2);
    #####: 1179:      for (i = 0; i < state->numPlayers; i++)
        -: 1180:	{
    #####: 1181:	  if (i != currentPlayer)
        -: 1182:	    {
    #####: 1183:	      for (j = 0; j < state->handCount[i]; j++)
        -: 1184:		{
    #####: 1185:		  if (state->hand[i][j] == copper)
        -: 1186:		    {
    #####: 1187:		      discardCard(j, i, state, 0);
    #####: 1188:		      break;
        -: 1189:		    }
    #####: 1190:		  if (j == state->handCount[i])
        -: 1191:		    {
    #####: 1192:		      for (k = 0; k < state->handCount[i]; k++)
        -: 1193:			{
        -: 1194:			  if (DEBUG)
        -: 1195:			    printf("Player %d reveals card number %d\n", i, state->hand[i][k]);
        -: 1196:			}	
    #####: 1197:		      break;
        -: 1198:		    }		
        -: 1199:		}
        -: 1200:					
        -: 1201:	    }
        -: 1202:				
        -: 1203:	}				
        -: 1204:
        -: 1205:      //discard played card from hand
    #####: 1206:      discardCard(handPos, currentPlayer, state, 0);			
        -: 1207:
    #####: 1208:      return 0;
        -: 1209:
        -: 1210:		
        -: 1211:    case embargo: 
        -: 1212:      //+2 Coins
    #####: 1213:      state->coins = state->coins + 2;
        -: 1214:			
        -: 1215:      //see if selected pile is in play
    #####: 1216:      if ( state->supplyCount[choice1] == -1 )
        -: 1217:	{
    #####: 1218:	  return -1;
        -: 1219:	}
        -: 1220:			
        -: 1221:      //add embargo token to selected supply pile
    #####: 1222:      state->embargoTokens[choice1]++;
        -: 1223:			
        -: 1224:      //trash card
    #####: 1225:      discardCard(handPos, currentPlayer, state, 1);		
    #####: 1226:      return 0;
        -: 1227:		
        -: 1228:    case outpost:
        -: 1229:      //set outpost flag
    #####: 1230:      state->outpostPlayed++;
        -: 1231:			
        -: 1232:      //discard card
    #####: 1233:      discardCard(handPos, currentPlayer, state, 0);
    #####: 1234:      return 0;
        -: 1235:		
        -: 1236:    case salvager:
        -: 1237:      //+1 buy
    #####: 1238:      state->numBuys++;
        -: 1239:			
    #####: 1240:      if (choice1)
        -: 1241:	{
        -: 1242:	  //gain coins equal to trashed card
    #####: 1243:	  state->coins = state->coins + getCost( handCard(choice1, state) );
        -: 1244:	  //trash card
    #####: 1245:	  discardCard(choice1, currentPlayer, state, 1);	
        -: 1246:	}
        -: 1247:			
        -: 1248:      //discard card
    #####: 1249:      discardCard(handPos, currentPlayer, state, 0);
    #####: 1250:      return 0;
        -: 1251:		
        -: 1252:    case sea_hag:
    #####: 1253:      for (i = 0; i < state->numPlayers; i++){
    #####: 1254:	if (i != currentPlayer){
    #####: 1255:	  state->discard[i][state->discardCount[i]] = state->deck[i][state->deckCount[i]--];			    state->deckCount[i]--;
    #####: 1256:	  state->discardCount[i]++;
    #####: 1257:	  state->deck[i][state->deckCount[i]--] = curse;//Top card now a curse
        -: 1258:	}
        -: 1259:      }
    #####: 1260:      return 0;
        -: 1261:		
        -: 1262:    case treasure_map:
        -: 1263:      //search hand for another treasure_map
    #####: 1264:      index = -1;
    #####: 1265:      for (i = 0; i < state->handCount[currentPlayer]; i++)
        -: 1266:	{
    #####: 1267:	  if (state->hand[currentPlayer][i] == treasure_map && i != handPos)
        -: 1268:	    {
    #####: 1269:	      index = i;
    #####: 1270:	      break;
        -: 1271:	    }
        -: 1272:	}
    #####: 1273:      if (index > -1)
        -: 1274:	{
        -: 1275:	  //trash both treasure cards
    #####: 1276:	  discardCard(handPos, currentPlayer, state, 1);
    #####: 1277:	  discardCard(index, currentPlayer, state, 1);
        -: 1278:
        -: 1279:	  //gain 4 Gold cards
    #####: 1280:	  for (i = 0; i < 4; i++)
        -: 1281:	    {
    #####: 1282:	      gainCard(gold, state, 1, currentPlayer);
        -: 1283:	    }
        -: 1284:				
        -: 1285:	  //return success
    #####: 1286:	  return 1;
        -: 1287:	}
        -: 1288:			
        -: 1289:      //no second treasure_map found in hand
    #####: 1290:      return -1;
        -: 1291:    }
        -: 1292:	
    #####: 1293:  return -1;
        -: 1294:}
        -: 1295:
        4: 1296:int discardCard(int handPos, int currentPlayer, struct gameState *state, int trashFlag)
        -: 1297:{
        -: 1298:	
        -: 1299:  //if card is not trashed, added to Played pile 
        4: 1300:  if (trashFlag < 1)
        -: 1301:    {
        -: 1302:      //add card to played pile
        4: 1303:      state->playedCards[state->playedCardCount] = state->hand[currentPlayer][handPos]; 
        4: 1304:      state->playedCardCount++;
        -: 1305:    }
        -: 1306:	
        -: 1307:  //set played card to -1
        4: 1308:  state->hand[currentPlayer][handPos] = -1;
        -: 1309:	
        -: 1310:  //remove card from player's hand
        4: 1311:  if ( handPos == (state->handCount[currentPlayer] - 1) ) 	//last card in hand array is played
        -: 1312:    {
        -: 1313:      //reduce number of cards in hand
    #####: 1314:      state->handCount[currentPlayer]--;
        -: 1315:    }
        4: 1316:  else if ( state->handCount[currentPlayer] == 1 ) //only one card in hand
        -: 1317:    {
        -: 1318:      //reduce number of cards in hand
    #####: 1319:      state->handCount[currentPlayer]--;
        -: 1320:    }
        -: 1321:  else 	
        -: 1322:    {
        -: 1323:      //replace discarded card with last card in hand
        4: 1324:      state->hand[currentPlayer][handPos] = state->hand[currentPlayer][ (state->handCount[currentPlayer] - 1)];
        -: 1325:      //set last card to -1
        4: 1326:      state->hand[currentPlayer][state->handCount[currentPlayer] - 1] = -1;
        -: 1327:      //reduce number of cards in hand
        4: 1328:      state->handCount[currentPlayer]--;
        -: 1329:    }
        -: 1330:	
        4: 1331:  return 0;
        -: 1332:}
        -: 1333:
        1: 1334:int gainCard(int supplyPos, struct gameState *state, int toFlag, int player)
        -: 1335:{
        -: 1336:  //Note: supplyPos is enum of choosen card
        -: 1337:	
        -: 1338:  //check if supply pile is empty (0) or card is not used in game (-1)
        1: 1339:  if ( supplyCount(supplyPos, state) < 1 )
        -: 1340:    {
    #####: 1341:      return -1;
        -: 1342:    }
        -: 1343:	
        -: 1344:  //added card for [whoseTurn] current player:
        -: 1345:  // toFlag = 0 : add to discard
        -: 1346:  // toFlag = 1 : add to deck
        -: 1347:  // toFlag = 2 : add to hand
        -: 1348:
        1: 1349:  if (toFlag == 1)
        -: 1350:    {
    #####: 1351:      state->deck[ player ][ state->deckCount[player] ] = supplyPos;
    #####: 1352:      state->deckCount[player]++;
        -: 1353:    }
        1: 1354:  else if (toFlag == 2)
        -: 1355:    {
    #####: 1356:      state->hand[ player ][ state->handCount[player] ] = supplyPos;
    #####: 1357:      state->handCount[player]++;
        -: 1358:    }
        -: 1359:  else
        -: 1360:    {
        1: 1361:      state->discard[player][ state->discardCount[player] ] = supplyPos;
        1: 1362:      state->discardCount[player]++;
        -: 1363:    }
        -: 1364:	
        -: 1365:  //decrease number in supply pile
        1: 1366:  state->supplyCount[supplyPos]--;
        -: 1367:	 
        1: 1368:  return 0;
        -: 1369:}
        -: 1370:
      115: 1371:int updateCoins(int player, struct gameState *state, int bonus)
        -: 1372:{
        -: 1373:  int i;
        -: 1374:	
        -: 1375:  //reset coin count
      115: 1376:  state->coins = 0;
        -: 1377:
        -: 1378:  //add coins for each Treasure card in player's hand
      690: 1379:  for (i = 0; i < state->handCount[player]; i++)
        -: 1380:    {
      575: 1381:      if (state->hand[player][i] == copper)
        -: 1382:	{
       41: 1383:	  state->coins += 1;
        -: 1384:	}
      534: 1385:      else if (state->hand[player][i] == silver)
        -: 1386:	{
       20: 1387:	  state->coins += 2;
        -: 1388:	}
      514: 1389:      else if (state->hand[player][i] == gold)
        -: 1390:	{
       20: 1391:	  state->coins += 3;
        -: 1392:	}	
        -: 1393:    }	
        -: 1394:
        -: 1395:  //add bonus
      115: 1396:  state->coins += bonus;
        -: 1397:
      115: 1398:  return 0;
        -: 1399:}
        -: 1400:
        -: 1401:
        -: 1402://end of dominion.c
        -: 1403:
